# Logfile created on 2014-03-24 11:09:27 +0000 by logger.rb/44203
I, [2014-03-24T11:09:27.732605 #18965]  INFO -- : 0:  rack (1.5.2) from /Users/tobyretallick/.rvm/gems/ruby-2.1.0/specifications/rack-1.5.2.gemspec
I, [2014-03-24T11:09:27.732965 #18965]  INFO -- : 0:  rack-protection (1.5.2) from /Users/tobyretallick/.rvm/gems/ruby-2.1.0/specifications/rack-protection-1.5.2.gemspec
I, [2014-03-24T11:09:27.733317 #18965]  INFO -- : 0:  tilt (1.4.1) from /Users/tobyretallick/.rvm/gems/ruby-2.1.0/specifications/tilt-1.4.1.gemspec
I, [2014-03-24T11:09:27.733643 #18965]  INFO -- : 0:  sinatra (1.4.4) from /Users/tobyretallick/.rvm/gems/ruby-2.1.0/specifications/sinatra-1.4.4.gemspec
I, [2014-03-24T11:09:27.733974 #18965]  INFO -- : 0:  bundler (1.5.1) from /Users/tobyretallick/.rvm/gems/ruby-2.1.0@global/specifications/bundler-1.5.1.gemspec
I, [2014-03-24T11:44:42.423711 #20370]  INFO -- : 0:  addressable (2.3.6) from /Users/tobyretallick/.rvm/gems/ruby-2.1.0/specifications/addressable-2.3.6.gemspec
I, [2014-03-24T11:44:44.713327 #20370]  INFO -- : 0:  bcrypt (3.1.7) from /Users/tobyretallick/.rvm/gems/ruby-2.1.0/specifications/bcrypt-3.1.7.gemspec
I, [2014-03-24T11:44:46.041490 #20370]  INFO -- : 0:  bcrypt-ruby (3.1.5) from /Users/tobyretallick/.rvm/gems/ruby-2.1.0/specifications/bcrypt-ruby-3.1.5.gemspec
I, [2014-03-24T11:44:48.107974 #20370]  INFO -- : 0:  dm-core (1.2.1) from /Users/tobyretallick/.rvm/gems/ruby-2.1.0/specifications/dm-core-1.2.1.gemspec
I, [2014-03-24T11:44:49.369426 #20370]  INFO -- : 0:  dm-aggregates (1.2.0) from /Users/tobyretallick/.rvm/gems/ruby-2.1.0/specifications/dm-aggregates-1.2.0.gemspec
I, [2014-03-24T11:44:50.562615 #20370]  INFO -- : 0:  dm-constraints (1.2.0) from /Users/tobyretallick/.rvm/gems/ruby-2.1.0/specifications/dm-constraints-1.2.0.gemspec
I, [2014-03-24T11:44:51.866540 #20370]  INFO -- : 0:  dm-migrations (1.2.0) from /Users/tobyretallick/.rvm/gems/ruby-2.1.0/specifications/dm-migrations-1.2.0.gemspec
I, [2014-03-24T11:44:53.528418 #20370]  INFO -- : 0:  fastercsv (1.5.5) from /Users/tobyretallick/.rvm/gems/ruby-2.1.0/specifications/fastercsv-1.5.5.gemspec
I, [2014-03-24T11:44:53.528784 #20370]  INFO -- : 0:  json (1.8.1) from /Users/tobyretallick/.rvm/rubies/ruby-2.1.0/lib/ruby/gems/2.1.0/specifications/default/json-1.8.1.gemspec
I, [2014-03-24T11:44:55.512339 #20370]  INFO -- : 0:  json_pure (1.8.1) from /Users/tobyretallick/.rvm/gems/ruby-2.1.0/specifications/json_pure-1.8.1.gemspec
I, [2014-03-24T11:44:55.512825 #20370]  INFO -- : 0:  multi_json (1.9.2) from /Users/tobyretallick/.rvm/gems/ruby-2.1.0/specifications/multi_json-1.9.2.gemspec
I, [2014-03-24T11:44:57.783018 #20370]  INFO -- : 0:  dm-serializer (1.2.2) from /Users/tobyretallick/.rvm/gems/ruby-2.1.0/specifications/dm-serializer-1.2.2.gemspec
I, [2014-03-24T11:44:59.251863 #20370]  INFO -- : 0:  dm-timestamps (1.2.0) from /Users/tobyretallick/.rvm/gems/ruby-2.1.0/specifications/dm-timestamps-1.2.0.gemspec
I, [2014-03-24T11:45:00.579178 #20370]  INFO -- : 0:  dm-transactions (1.2.0) from /Users/tobyretallick/.rvm/gems/ruby-2.1.0/specifications/dm-transactions-1.2.0.gemspec
I, [2014-03-24T11:45:02.304582 #20370]  INFO -- : 0:  stringex (1.5.1) from /Users/tobyretallick/.rvm/gems/ruby-2.1.0/specifications/stringex-1.5.1.gemspec
I, [2014-03-24T11:45:04.845572 #20370]  INFO -- : 0:  uuidtools (2.1.4) from /Users/tobyretallick/.rvm/gems/ruby-2.1.0/specifications/uuidtools-2.1.4.gemspec
I, [2014-03-24T11:45:06.160555 #20370]  INFO -- : 0:  dm-types (1.2.2) from /Users/tobyretallick/.rvm/gems/ruby-2.1.0/specifications/dm-types-1.2.2.gemspec
I, [2014-03-24T11:45:07.698318 #20370]  INFO -- : 0:  dm-validations (1.2.0) from /Users/tobyretallick/.rvm/gems/ruby-2.1.0/specifications/dm-validations-1.2.0.gemspec
I, [2014-03-24T11:45:08.903844 #20370]  INFO -- : 0:  data_mapper (1.2.0) from /Users/tobyretallick/.rvm/gems/ruby-2.1.0/specifications/data_mapper-1.2.0.gemspec
I, [2014-03-24T11:45:10.804817 #20370]  INFO -- : 0:  data_objects (0.10.14) from /Users/tobyretallick/.rvm/gems/ruby-2.1.0/specifications/data_objects-0.10.14.gemspec
I, [2014-03-24T11:45:11.971644 #20370]  INFO -- : 0:  dm-do-adapter (1.2.0) from /Users/tobyretallick/.rvm/gems/ruby-2.1.0/specifications/dm-do-adapter-1.2.0.gemspec
I, [2014-03-24T11:45:14.852553 #20370]  INFO -- : 0:  do_postgres (0.10.14) from /Users/tobyretallick/.rvm/gems/ruby-2.1.0/specifications/do_postgres-0.10.14.gemspec
I, [2014-03-24T11:45:16.139534 #20370]  INFO -- : 0:  dm-postgres-adapter (1.2.0) from /Users/tobyretallick/.rvm/gems/ruby-2.1.0/specifications/dm-postgres-adapter-1.2.0.gemspec
I, [2014-03-24T11:45:16.140077 #20370]  INFO -- : 0:  rack (1.5.2) from /Users/tobyretallick/.rvm/gems/ruby-2.1.0/specifications/rack-1.5.2.gemspec
I, [2014-03-24T11:45:16.140514 #20370]  INFO -- : 0:  rack-protection (1.5.2) from /Users/tobyretallick/.rvm/gems/ruby-2.1.0/specifications/rack-protection-1.5.2.gemspec
I, [2014-03-24T11:45:16.140973 #20370]  INFO -- : 0:  tilt (1.4.1) from /Users/tobyretallick/.rvm/gems/ruby-2.1.0/specifications/tilt-1.4.1.gemspec
I, [2014-03-24T11:45:16.141416 #20370]  INFO -- : 0:  sinatra (1.4.4) from /Users/tobyretallick/.rvm/gems/ruby-2.1.0/specifications/sinatra-1.4.4.gemspec
I, [2014-03-24T11:45:16.141804 #20370]  INFO -- : 0:  bundler (1.5.1) from /Users/tobyretallick/.rvm/gems/ruby-2.1.0@global/specifications/bundler-1.5.1.gemspec
I, [2014-03-24T12:04:25.613979 #20616]  INFO -- : 0:  addressable (2.3.6) from /Users/tobyretallick/.rvm/gems/ruby-2.1.0/specifications/addressable-2.3.6.gemspec
I, [2014-03-24T12:04:25.614412 #20616]  INFO -- : 0:  bcrypt (3.1.7) from /Users/tobyretallick/.rvm/gems/ruby-2.1.0/specifications/bcrypt-3.1.7.gemspec
I, [2014-03-24T12:04:25.614798 #20616]  INFO -- : 0:  bcrypt-ruby (3.1.5) from /Users/tobyretallick/.rvm/gems/ruby-2.1.0/specifications/bcrypt-ruby-3.1.5.gemspec
I, [2014-03-24T12:04:25.615170 #20616]  INFO -- : 0:  dm-core (1.2.1) from /Users/tobyretallick/.rvm/gems/ruby-2.1.0/specifications/dm-core-1.2.1.gemspec
I, [2014-03-24T12:04:25.615523 #20616]  INFO -- : 0:  dm-aggregates (1.2.0) from /Users/tobyretallick/.rvm/gems/ruby-2.1.0/specifications/dm-aggregates-1.2.0.gemspec
I, [2014-03-24T12:04:25.615907 #20616]  INFO -- : 0:  dm-constraints (1.2.0) from /Users/tobyretallick/.rvm/gems/ruby-2.1.0/specifications/dm-constraints-1.2.0.gemspec
I, [2014-03-24T12:04:25.616268 #20616]  INFO -- : 0:  dm-migrations (1.2.0) from /Users/tobyretallick/.rvm/gems/ruby-2.1.0/specifications/dm-migrations-1.2.0.gemspec
I, [2014-03-24T12:04:25.616612 #20616]  INFO -- : 0:  fastercsv (1.5.5) from /Users/tobyretallick/.rvm/gems/ruby-2.1.0/specifications/fastercsv-1.5.5.gemspec
I, [2014-03-24T12:04:25.616917 #20616]  INFO -- : 0:  json (1.8.1) from /Users/tobyretallick/.rvm/rubies/ruby-2.1.0/lib/ruby/gems/2.1.0/specifications/default/json-1.8.1.gemspec
I, [2014-03-24T12:04:25.617271 #20616]  INFO -- : 0:  json_pure (1.8.1) from /Users/tobyretallick/.rvm/gems/ruby-2.1.0/specifications/json_pure-1.8.1.gemspec
I, [2014-03-24T12:04:25.617609 #20616]  INFO -- : 0:  multi_json (1.9.2) from /Users/tobyretallick/.rvm/gems/ruby-2.1.0/specifications/multi_json-1.9.2.gemspec
I, [2014-03-24T12:04:25.617933 #20616]  INFO -- : 0:  dm-serializer (1.2.2) from /Users/tobyretallick/.rvm/gems/ruby-2.1.0/specifications/dm-serializer-1.2.2.gemspec
I, [2014-03-24T12:04:25.618254 #20616]  INFO -- : 0:  dm-timestamps (1.2.0) from /Users/tobyretallick/.rvm/gems/ruby-2.1.0/specifications/dm-timestamps-1.2.0.gemspec
I, [2014-03-24T12:04:25.618591 #20616]  INFO -- : 0:  dm-transactions (1.2.0) from /Users/tobyretallick/.rvm/gems/ruby-2.1.0/specifications/dm-transactions-1.2.0.gemspec
I, [2014-03-24T12:04:25.618910 #20616]  INFO -- : 0:  stringex (1.5.1) from /Users/tobyretallick/.rvm/gems/ruby-2.1.0/specifications/stringex-1.5.1.gemspec
I, [2014-03-24T12:04:25.619231 #20616]  INFO -- : 0:  uuidtools (2.1.4) from /Users/tobyretallick/.rvm/gems/ruby-2.1.0/specifications/uuidtools-2.1.4.gemspec
I, [2014-03-24T12:04:25.619609 #20616]  INFO -- : 0:  dm-types (1.2.2) from /Users/tobyretallick/.rvm/gems/ruby-2.1.0/specifications/dm-types-1.2.2.gemspec
I, [2014-03-24T12:04:25.619909 #20616]  INFO -- : 0:  dm-validations (1.2.0) from /Users/tobyretallick/.rvm/gems/ruby-2.1.0/specifications/dm-validations-1.2.0.gemspec
I, [2014-03-24T12:04:25.620261 #20616]  INFO -- : 0:  data_mapper (1.2.0) from /Users/tobyretallick/.rvm/gems/ruby-2.1.0/specifications/data_mapper-1.2.0.gemspec
I, [2014-03-24T12:04:25.620559 #20616]  INFO -- : 0:  data_objects (0.10.14) from /Users/tobyretallick/.rvm/gems/ruby-2.1.0/specifications/data_objects-0.10.14.gemspec
I, [2014-03-24T12:04:25.620866 #20616]  INFO -- : 0:  diff-lcs (1.2.5) from /Users/tobyretallick/.rvm/gems/ruby-2.1.0/specifications/diff-lcs-1.2.5.gemspec
I, [2014-03-24T12:04:25.621175 #20616]  INFO -- : 0:  dm-do-adapter (1.2.0) from /Users/tobyretallick/.rvm/gems/ruby-2.1.0/specifications/dm-do-adapter-1.2.0.gemspec
I, [2014-03-24T12:04:25.621502 #20616]  INFO -- : 0:  do_postgres (0.10.14) from /Users/tobyretallick/.rvm/gems/ruby-2.1.0/specifications/do_postgres-0.10.14.gemspec
I, [2014-03-24T12:04:25.621826 #20616]  INFO -- : 0:  dm-postgres-adapter (1.2.0) from /Users/tobyretallick/.rvm/gems/ruby-2.1.0/specifications/dm-postgres-adapter-1.2.0.gemspec
I, [2014-03-24T12:04:25.622137 #20616]  INFO -- : 0:  rack (1.5.2) from /Users/tobyretallick/.rvm/gems/ruby-2.1.0/specifications/rack-1.5.2.gemspec
I, [2014-03-24T12:04:25.622462 #20616]  INFO -- : 0:  rack-protection (1.5.2) from /Users/tobyretallick/.rvm/gems/ruby-2.1.0/specifications/rack-protection-1.5.2.gemspec
I, [2014-03-24T12:04:25.622789 #20616]  INFO -- : 0:  rspec-core (2.14.8) from /Users/tobyretallick/.rvm/gems/ruby-2.1.0/specifications/rspec-core-2.14.8.gemspec
I, [2014-03-24T12:04:25.623115 #20616]  INFO -- : 0:  rspec-expectations (2.14.5) from /Users/tobyretallick/.rvm/gems/ruby-2.1.0/specifications/rspec-expectations-2.14.5.gemspec
I, [2014-03-24T12:04:25.623437 #20616]  INFO -- : 0:  rspec-mocks (2.14.6) from /Users/tobyretallick/.rvm/gems/ruby-2.1.0/specifications/rspec-mocks-2.14.6.gemspec
I, [2014-03-24T12:04:25.623753 #20616]  INFO -- : 0:  rspec (2.14.1) from /Users/tobyretallick/.rvm/gems/ruby-2.1.0/specifications/rspec-2.14.1.gemspec
I, [2014-03-24T12:04:25.624067 #20616]  INFO -- : 0:  tilt (1.4.1) from /Users/tobyretallick/.rvm/gems/ruby-2.1.0/specifications/tilt-1.4.1.gemspec
I, [2014-03-24T12:04:25.624404 #20616]  INFO -- : 0:  sinatra (1.4.4) from /Users/tobyretallick/.rvm/gems/ruby-2.1.0/specifications/sinatra-1.4.4.gemspec
I, [2014-03-24T12:04:25.624707 #20616]  INFO -- : 0:  bundler (1.5.1) from /Users/tobyretallick/.rvm/gems/ruby-2.1.0@global/specifications/bundler-1.5.1.gemspec
I, [2014-03-24T12:09:32.296039 #20656]  INFO -- : 0:  addressable (2.3.6) from /Users/tobyretallick/.rvm/gems/ruby-2.1.0/specifications/addressable-2.3.6.gemspec
I, [2014-03-24T12:09:32.296458 #20656]  INFO -- : 0:  bcrypt (3.1.7) from /Users/tobyretallick/.rvm/gems/ruby-2.1.0/specifications/bcrypt-3.1.7.gemspec
I, [2014-03-24T12:09:32.296839 #20656]  INFO -- : 0:  bcrypt-ruby (3.1.5) from /Users/tobyretallick/.rvm/gems/ruby-2.1.0/specifications/bcrypt-ruby-3.1.5.gemspec
I, [2014-03-24T12:09:32.297203 #20656]  INFO -- : 0:  dm-core (1.2.1) from /Users/tobyretallick/.rvm/gems/ruby-2.1.0/specifications/dm-core-1.2.1.gemspec
I, [2014-03-24T12:09:32.297545 #20656]  INFO -- : 0:  dm-aggregates (1.2.0) from /Users/tobyretallick/.rvm/gems/ruby-2.1.0/specifications/dm-aggregates-1.2.0.gemspec
I, [2014-03-24T12:09:32.297921 #20656]  INFO -- : 0:  dm-constraints (1.2.0) from /Users/tobyretallick/.rvm/gems/ruby-2.1.0/specifications/dm-constraints-1.2.0.gemspec
I, [2014-03-24T12:09:32.298272 #20656]  INFO -- : 0:  dm-migrations (1.2.0) from /Users/tobyretallick/.rvm/gems/ruby-2.1.0/specifications/dm-migrations-1.2.0.gemspec
I, [2014-03-24T12:09:32.298600 #20656]  INFO -- : 0:  fastercsv (1.5.5) from /Users/tobyretallick/.rvm/gems/ruby-2.1.0/specifications/fastercsv-1.5.5.gemspec
I, [2014-03-24T12:09:32.298915 #20656]  INFO -- : 0:  json (1.8.1) from /Users/tobyretallick/.rvm/rubies/ruby-2.1.0/lib/ruby/gems/2.1.0/specifications/default/json-1.8.1.gemspec
I, [2014-03-24T12:09:32.299263 #20656]  INFO -- : 0:  json_pure (1.8.1) from /Users/tobyretallick/.rvm/gems/ruby-2.1.0/specifications/json_pure-1.8.1.gemspec
I, [2014-03-24T12:09:32.299614 #20656]  INFO -- : 0:  multi_json (1.9.2) from /Users/tobyretallick/.rvm/gems/ruby-2.1.0/specifications/multi_json-1.9.2.gemspec
I, [2014-03-24T12:09:32.299963 #20656]  INFO -- : 0:  dm-serializer (1.2.2) from /Users/tobyretallick/.rvm/gems/ruby-2.1.0/specifications/dm-serializer-1.2.2.gemspec
I, [2014-03-24T12:09:32.300307 #20656]  INFO -- : 0:  dm-timestamps (1.2.0) from /Users/tobyretallick/.rvm/gems/ruby-2.1.0/specifications/dm-timestamps-1.2.0.gemspec
I, [2014-03-24T12:09:32.300604 #20656]  INFO -- : 0:  dm-transactions (1.2.0) from /Users/tobyretallick/.rvm/gems/ruby-2.1.0/specifications/dm-transactions-1.2.0.gemspec
I, [2014-03-24T12:09:32.300921 #20656]  INFO -- : 0:  stringex (1.5.1) from /Users/tobyretallick/.rvm/gems/ruby-2.1.0/specifications/stringex-1.5.1.gemspec
I, [2014-03-24T12:09:32.301234 #20656]  INFO -- : 0:  uuidtools (2.1.4) from /Users/tobyretallick/.rvm/gems/ruby-2.1.0/specifications/uuidtools-2.1.4.gemspec
I, [2014-03-24T12:09:32.301554 #20656]  INFO -- : 0:  dm-types (1.2.2) from /Users/tobyretallick/.rvm/gems/ruby-2.1.0/specifications/dm-types-1.2.2.gemspec
I, [2014-03-24T12:09:32.301850 #20656]  INFO -- : 0:  dm-validations (1.2.0) from /Users/tobyretallick/.rvm/gems/ruby-2.1.0/specifications/dm-validations-1.2.0.gemspec
I, [2014-03-24T12:09:32.302187 #20656]  INFO -- : 0:  data_mapper (1.2.0) from /Users/tobyretallick/.rvm/gems/ruby-2.1.0/specifications/data_mapper-1.2.0.gemspec
I, [2014-03-24T12:09:32.302482 #20656]  INFO -- : 0:  data_objects (0.10.14) from /Users/tobyretallick/.rvm/gems/ruby-2.1.0/specifications/data_objects-0.10.14.gemspec
I, [2014-03-24T12:09:32.302792 #20656]  INFO -- : 0:  diff-lcs (1.2.5) from /Users/tobyretallick/.rvm/gems/ruby-2.1.0/specifications/diff-lcs-1.2.5.gemspec
I, [2014-03-24T12:09:32.303101 #20656]  INFO -- : 0:  dm-do-adapter (1.2.0) from /Users/tobyretallick/.rvm/gems/ruby-2.1.0/specifications/dm-do-adapter-1.2.0.gemspec
I, [2014-03-24T12:09:32.303426 #20656]  INFO -- : 0:  do_postgres (0.10.14) from /Users/tobyretallick/.rvm/gems/ruby-2.1.0/specifications/do_postgres-0.10.14.gemspec
I, [2014-03-24T12:09:32.303752 #20656]  INFO -- : 0:  dm-postgres-adapter (1.2.0) from /Users/tobyretallick/.rvm/gems/ruby-2.1.0/specifications/dm-postgres-adapter-1.2.0.gemspec
I, [2014-03-24T12:09:32.304063 #20656]  INFO -- : 0:  rack (1.5.2) from /Users/tobyretallick/.rvm/gems/ruby-2.1.0/specifications/rack-1.5.2.gemspec
I, [2014-03-24T12:09:32.304389 #20656]  INFO -- : 0:  rack-protection (1.5.2) from /Users/tobyretallick/.rvm/gems/ruby-2.1.0/specifications/rack-protection-1.5.2.gemspec
I, [2014-03-24T12:09:32.304717 #20656]  INFO -- : 0:  rspec-core (2.14.8) from /Users/tobyretallick/.rvm/gems/ruby-2.1.0/specifications/rspec-core-2.14.8.gemspec
I, [2014-03-24T12:09:32.305040 #20656]  INFO -- : 0:  rspec-expectations (2.14.5) from /Users/tobyretallick/.rvm/gems/ruby-2.1.0/specifications/rspec-expectations-2.14.5.gemspec
I, [2014-03-24T12:09:32.305360 #20656]  INFO -- : 0:  rspec-mocks (2.14.6) from /Users/tobyretallick/.rvm/gems/ruby-2.1.0/specifications/rspec-mocks-2.14.6.gemspec
I, [2014-03-24T12:09:32.305675 #20656]  INFO -- : 0:  rspec (2.14.1) from /Users/tobyretallick/.rvm/gems/ruby-2.1.0/specifications/rspec-2.14.1.gemspec
I, [2014-03-24T12:09:32.305992 #20656]  INFO -- : 0:  tilt (1.4.1) from /Users/tobyretallick/.rvm/gems/ruby-2.1.0/specifications/tilt-1.4.1.gemspec
I, [2014-03-24T12:09:32.306374 #20656]  INFO -- : 0:  sinatra (1.4.4) from /Users/tobyretallick/.rvm/gems/ruby-2.1.0/specifications/sinatra-1.4.4.gemspec
I, [2014-03-24T12:09:32.306688 #20656]  INFO -- : 0:  bundler (1.5.1) from /Users/tobyretallick/.rvm/gems/ruby-2.1.0@global/specifications/bundler-1.5.1.gemspec
I, [2014-03-24T12:23:35.842632 #20718]  INFO -- : 0:  addressable (2.3.6) from /Users/tobyretallick/.rvm/gems/ruby-2.1.0/specifications/addressable-2.3.6.gemspec
I, [2014-03-24T12:23:35.843039 #20718]  INFO -- : 0:  bcrypt (3.1.7) from /Users/tobyretallick/.rvm/gems/ruby-2.1.0/specifications/bcrypt-3.1.7.gemspec
I, [2014-03-24T12:23:35.843421 #20718]  INFO -- : 0:  bcrypt-ruby (3.1.5) from /Users/tobyretallick/.rvm/gems/ruby-2.1.0/specifications/bcrypt-ruby-3.1.5.gemspec
I, [2014-03-24T12:23:35.843729 #20718]  INFO -- : 0:  dm-core (1.2.1) from /Users/tobyretallick/.rvm/gems/ruby-2.1.0/specifications/dm-core-1.2.1.gemspec
I, [2014-03-24T12:23:35.844057 #20718]  INFO -- : 0:  dm-aggregates (1.2.0) from /Users/tobyretallick/.rvm/gems/ruby-2.1.0/specifications/dm-aggregates-1.2.0.gemspec
I, [2014-03-24T12:23:35.844369 #20718]  INFO -- : 0:  dm-constraints (1.2.0) from /Users/tobyretallick/.rvm/gems/ruby-2.1.0/specifications/dm-constraints-1.2.0.gemspec
I, [2014-03-24T12:23:35.844696 #20718]  INFO -- : 0:  dm-migrations (1.2.0) from /Users/tobyretallick/.rvm/gems/ruby-2.1.0/specifications/dm-migrations-1.2.0.gemspec
I, [2014-03-24T12:23:35.845025 #20718]  INFO -- : 0:  fastercsv (1.5.5) from /Users/tobyretallick/.rvm/gems/ruby-2.1.0/specifications/fastercsv-1.5.5.gemspec
I, [2014-03-24T12:23:35.845338 #20718]  INFO -- : 0:  json (1.8.1) from /Users/tobyretallick/.rvm/rubies/ruby-2.1.0/lib/ruby/gems/2.1.0/specifications/default/json-1.8.1.gemspec
I, [2014-03-24T12:23:35.845666 #20718]  INFO -- : 0:  json_pure (1.8.1) from /Users/tobyretallick/.rvm/gems/ruby-2.1.0/specifications/json_pure-1.8.1.gemspec
I, [2014-03-24T12:23:35.845985 #20718]  INFO -- : 0:  multi_json (1.9.2) from /Users/tobyretallick/.rvm/gems/ruby-2.1.0/specifications/multi_json-1.9.2.gemspec
I, [2014-03-24T12:23:35.846296 #20718]  INFO -- : 0:  dm-serializer (1.2.2) from /Users/tobyretallick/.rvm/gems/ruby-2.1.0/specifications/dm-serializer-1.2.2.gemspec
I, [2014-03-24T12:23:35.846615 #20718]  INFO -- : 0:  dm-timestamps (1.2.0) from /Users/tobyretallick/.rvm/gems/ruby-2.1.0/specifications/dm-timestamps-1.2.0.gemspec
I, [2014-03-24T12:23:35.846925 #20718]  INFO -- : 0:  dm-transactions (1.2.0) from /Users/tobyretallick/.rvm/gems/ruby-2.1.0/specifications/dm-transactions-1.2.0.gemspec
I, [2014-03-24T12:23:35.847225 #20718]  INFO -- : 0:  stringex (1.5.1) from /Users/tobyretallick/.rvm/gems/ruby-2.1.0/specifications/stringex-1.5.1.gemspec
I, [2014-03-24T12:23:35.847535 #20718]  INFO -- : 0:  uuidtools (2.1.4) from /Users/tobyretallick/.rvm/gems/ruby-2.1.0/specifications/uuidtools-2.1.4.gemspec
I, [2014-03-24T12:23:35.847840 #20718]  INFO -- : 0:  dm-types (1.2.2) from /Users/tobyretallick/.rvm/gems/ruby-2.1.0/specifications/dm-types-1.2.2.gemspec
I, [2014-03-24T12:23:35.848153 #20718]  INFO -- : 0:  dm-validations (1.2.0) from /Users/tobyretallick/.rvm/gems/ruby-2.1.0/specifications/dm-validations-1.2.0.gemspec
I, [2014-03-24T12:23:35.848463 #20718]  INFO -- : 0:  data_mapper (1.2.0) from /Users/tobyretallick/.rvm/gems/ruby-2.1.0/specifications/data_mapper-1.2.0.gemspec
I, [2014-03-24T12:23:35.848774 #20718]  INFO -- : 0:  data_objects (0.10.14) from /Users/tobyretallick/.rvm/gems/ruby-2.1.0/specifications/data_objects-0.10.14.gemspec
I, [2014-03-24T12:23:38.164056 #20718]  INFO -- : 0:  database_cleaner (1.2.0) from /Users/tobyretallick/.rvm/gems/ruby-2.1.0/specifications/database_cleaner-1.2.0.gemspec
I, [2014-03-24T12:23:38.164443 #20718]  INFO -- : 0:  diff-lcs (1.2.5) from /Users/tobyretallick/.rvm/gems/ruby-2.1.0/specifications/diff-lcs-1.2.5.gemspec
I, [2014-03-24T12:23:38.164731 #20718]  INFO -- : 0:  dm-do-adapter (1.2.0) from /Users/tobyretallick/.rvm/gems/ruby-2.1.0/specifications/dm-do-adapter-1.2.0.gemspec
I, [2014-03-24T12:23:38.165005 #20718]  INFO -- : 0:  do_postgres (0.10.14) from /Users/tobyretallick/.rvm/gems/ruby-2.1.0/specifications/do_postgres-0.10.14.gemspec
I, [2014-03-24T12:23:38.165266 #20718]  INFO -- : 0:  dm-postgres-adapter (1.2.0) from /Users/tobyretallick/.rvm/gems/ruby-2.1.0/specifications/dm-postgres-adapter-1.2.0.gemspec
I, [2014-03-24T12:23:38.165518 #20718]  INFO -- : 0:  rack (1.5.2) from /Users/tobyretallick/.rvm/gems/ruby-2.1.0/specifications/rack-1.5.2.gemspec
I, [2014-03-24T12:23:38.165770 #20718]  INFO -- : 0:  rack-protection (1.5.2) from /Users/tobyretallick/.rvm/gems/ruby-2.1.0/specifications/rack-protection-1.5.2.gemspec
I, [2014-03-24T12:23:38.166043 #20718]  INFO -- : 0:  rspec-core (2.14.8) from /Users/tobyretallick/.rvm/gems/ruby-2.1.0/specifications/rspec-core-2.14.8.gemspec
I, [2014-03-24T12:23:38.166420 #20718]  INFO -- : 0:  rspec-expectations (2.14.5) from /Users/tobyretallick/.rvm/gems/ruby-2.1.0/specifications/rspec-expectations-2.14.5.gemspec
I, [2014-03-24T12:23:38.166680 #20718]  INFO -- : 0:  rspec-mocks (2.14.6) from /Users/tobyretallick/.rvm/gems/ruby-2.1.0/specifications/rspec-mocks-2.14.6.gemspec
I, [2014-03-24T12:23:38.166925 #20718]  INFO -- : 0:  rspec (2.14.1) from /Users/tobyretallick/.rvm/gems/ruby-2.1.0/specifications/rspec-2.14.1.gemspec
I, [2014-03-24T12:23:38.167178 #20718]  INFO -- : 0:  tilt (1.4.1) from /Users/tobyretallick/.rvm/gems/ruby-2.1.0/specifications/tilt-1.4.1.gemspec
I, [2014-03-24T12:23:38.167433 #20718]  INFO -- : 0:  sinatra (1.4.4) from /Users/tobyretallick/.rvm/gems/ruby-2.1.0/specifications/sinatra-1.4.4.gemspec
I, [2014-03-24T12:23:38.167675 #20718]  INFO -- : 0:  bundler (1.5.1) from /Users/tobyretallick/.rvm/gems/ruby-2.1.0@global/specifications/bundler-1.5.1.gemspec
I, [2014-03-24T13:13:25.640626 #20923]  INFO -- : 0:  addressable (2.3.6) from /Users/tobyretallick/.rvm/gems/ruby-2.1.0/specifications/addressable-2.3.6.gemspec
I, [2014-03-24T13:13:25.641024 #20923]  INFO -- : 0:  bcrypt (3.1.7) from /Users/tobyretallick/.rvm/gems/ruby-2.1.0/specifications/bcrypt-3.1.7.gemspec
I, [2014-03-24T13:13:25.641349 #20923]  INFO -- : 0:  bcrypt-ruby (3.1.5) from /Users/tobyretallick/.rvm/gems/ruby-2.1.0/specifications/bcrypt-ruby-3.1.5.gemspec
I, [2014-03-24T13:13:25.641650 #20923]  INFO -- : 0:  mime-types (2.2) from /Users/tobyretallick/.rvm/gems/ruby-2.1.0/specifications/mime-types-2.2.gemspec
I, [2014-03-24T13:13:25.641929 #20923]  INFO -- : 0:  mini_portile (0.5.2) from /Users/tobyretallick/.rvm/gems/ruby-2.1.0/specifications/mini_portile-0.5.2.gemspec
I, [2014-03-24T13:13:25.642203 #20923]  INFO -- : 0:  nokogiri (1.6.1) from /Users/tobyretallick/.rvm/gems/ruby-2.1.0/specifications/nokogiri-1.6.1.gemspec
I, [2014-03-24T13:13:25.642484 #20923]  INFO -- : 0:  rack (1.5.2) from /Users/tobyretallick/.rvm/gems/ruby-2.1.0/specifications/rack-1.5.2.gemspec
I, [2014-03-24T13:13:25.642772 #20923]  INFO -- : 0:  rack-test (0.6.2) from /Users/tobyretallick/.rvm/gems/ruby-2.1.0/specifications/rack-test-0.6.2.gemspec
I, [2014-03-24T13:13:25.643052 #20923]  INFO -- : 0:  xpath (2.0.0) from /Users/tobyretallick/.rvm/gems/ruby-2.1.0/specifications/xpath-2.0.0.gemspec
I, [2014-03-24T13:13:25.643332 #20923]  INFO -- : 0:  capybara (2.2.1) from /Users/tobyretallick/.rvm/gems/ruby-2.1.0/specifications/capybara-2.2.1.gemspec
I, [2014-03-24T13:13:25.643622 #20923]  INFO -- : 0:  dm-core (1.2.1) from /Users/tobyretallick/.rvm/gems/ruby-2.1.0/specifications/dm-core-1.2.1.gemspec
I, [2014-03-24T13:13:25.644114 #20923]  INFO -- : 0:  dm-aggregates (1.2.0) from /Users/tobyretallick/.rvm/gems/ruby-2.1.0/specifications/dm-aggregates-1.2.0.gemspec
I, [2014-03-24T13:13:25.644941 #20923]  INFO -- : 0:  dm-constraints (1.2.0) from /Users/tobyretallick/.rvm/gems/ruby-2.1.0/specifications/dm-constraints-1.2.0.gemspec
I, [2014-03-24T13:13:25.645753 #20923]  INFO -- : 0:  dm-migrations (1.2.0) from /Users/tobyretallick/.rvm/gems/ruby-2.1.0/specifications/dm-migrations-1.2.0.gemspec
I, [2014-03-24T13:13:25.646276 #20923]  INFO -- : 0:  fastercsv (1.5.5) from /Users/tobyretallick/.rvm/gems/ruby-2.1.0/specifications/fastercsv-1.5.5.gemspec
I, [2014-03-24T13:13:25.646694 #20923]  INFO -- : 0:  json (1.8.1) from /Users/tobyretallick/.rvm/rubies/ruby-2.1.0/lib/ruby/gems/2.1.0/specifications/default/json-1.8.1.gemspec
I, [2014-03-24T13:13:25.647124 #20923]  INFO -- : 0:  json_pure (1.8.1) from /Users/tobyretallick/.rvm/gems/ruby-2.1.0/specifications/json_pure-1.8.1.gemspec
I, [2014-03-24T13:13:25.647547 #20923]  INFO -- : 0:  multi_json (1.9.2) from /Users/tobyretallick/.rvm/gems/ruby-2.1.0/specifications/multi_json-1.9.2.gemspec
I, [2014-03-24T13:13:25.647966 #20923]  INFO -- : 0:  dm-serializer (1.2.2) from /Users/tobyretallick/.rvm/gems/ruby-2.1.0/specifications/dm-serializer-1.2.2.gemspec
I, [2014-03-24T13:13:25.648389 #20923]  INFO -- : 0:  dm-timestamps (1.2.0) from /Users/tobyretallick/.rvm/gems/ruby-2.1.0/specifications/dm-timestamps-1.2.0.gemspec
I, [2014-03-24T13:13:25.648826 #20923]  INFO -- : 0:  dm-transactions (1.2.0) from /Users/tobyretallick/.rvm/gems/ruby-2.1.0/specifications/dm-transactions-1.2.0.gemspec
I, [2014-03-24T13:13:25.649235 #20923]  INFO -- : 0:  stringex (1.5.1) from /Users/tobyretallick/.rvm/gems/ruby-2.1.0/specifications/stringex-1.5.1.gemspec
I, [2014-03-24T13:13:25.649617 #20923]  INFO -- : 0:  uuidtools (2.1.4) from /Users/tobyretallick/.rvm/gems/ruby-2.1.0/specifications/uuidtools-2.1.4.gemspec
I, [2014-03-24T13:13:25.650039 #20923]  INFO -- : 0:  dm-types (1.2.2) from /Users/tobyretallick/.rvm/gems/ruby-2.1.0/specifications/dm-types-1.2.2.gemspec
I, [2014-03-24T13:13:25.650440 #20923]  INFO -- : 0:  dm-validations (1.2.0) from /Users/tobyretallick/.rvm/gems/ruby-2.1.0/specifications/dm-validations-1.2.0.gemspec
I, [2014-03-24T13:13:25.650868 #20923]  INFO -- : 0:  data_mapper (1.2.0) from /Users/tobyretallick/.rvm/gems/ruby-2.1.0/specifications/data_mapper-1.2.0.gemspec
I, [2014-03-24T13:13:25.651337 #20923]  INFO -- : 0:  data_objects (0.10.14) from /Users/tobyretallick/.rvm/gems/ruby-2.1.0/specifications/data_objects-0.10.14.gemspec
I, [2014-03-24T13:13:25.651618 #20923]  INFO -- : 0:  database_cleaner (1.2.0) from /Users/tobyretallick/.rvm/gems/ruby-2.1.0/specifications/database_cleaner-1.2.0.gemspec
I, [2014-03-24T13:13:25.651902 #20923]  INFO -- : 0:  diff-lcs (1.2.5) from /Users/tobyretallick/.rvm/gems/ruby-2.1.0/specifications/diff-lcs-1.2.5.gemspec
I, [2014-03-24T13:13:25.652164 #20923]  INFO -- : 0:  dm-do-adapter (1.2.0) from /Users/tobyretallick/.rvm/gems/ruby-2.1.0/specifications/dm-do-adapter-1.2.0.gemspec
I, [2014-03-24T13:13:25.652432 #20923]  INFO -- : 0:  do_postgres (0.10.14) from /Users/tobyretallick/.rvm/gems/ruby-2.1.0/specifications/do_postgres-0.10.14.gemspec
I, [2014-03-24T13:13:25.652729 #20923]  INFO -- : 0:  dm-postgres-adapter (1.2.0) from /Users/tobyretallick/.rvm/gems/ruby-2.1.0/specifications/dm-postgres-adapter-1.2.0.gemspec
I, [2014-03-24T13:13:25.652989 #20923]  INFO -- : 0:  rack-protection (1.5.2) from /Users/tobyretallick/.rvm/gems/ruby-2.1.0/specifications/rack-protection-1.5.2.gemspec
I, [2014-03-24T13:13:25.653277 #20923]  INFO -- : 0:  rspec-core (2.14.8) from /Users/tobyretallick/.rvm/gems/ruby-2.1.0/specifications/rspec-core-2.14.8.gemspec
I, [2014-03-24T13:13:25.653548 #20923]  INFO -- : 0:  rspec-expectations (2.14.5) from /Users/tobyretallick/.rvm/gems/ruby-2.1.0/specifications/rspec-expectations-2.14.5.gemspec
I, [2014-03-24T13:13:25.653822 #20923]  INFO -- : 0:  rspec-mocks (2.14.6) from /Users/tobyretallick/.rvm/gems/ruby-2.1.0/specifications/rspec-mocks-2.14.6.gemspec
I, [2014-03-24T13:13:25.654088 #20923]  INFO -- : 0:  rspec (2.14.1) from /Users/tobyretallick/.rvm/gems/ruby-2.1.0/specifications/rspec-2.14.1.gemspec
I, [2014-03-24T13:13:25.654370 #20923]  INFO -- : 0:  tilt (1.4.1) from /Users/tobyretallick/.rvm/gems/ruby-2.1.0/specifications/tilt-1.4.1.gemspec
I, [2014-03-24T13:13:25.656304 #20923]  INFO -- : 0:  sinatra (1.4.4) from /Users/tobyretallick/.rvm/gems/ruby-2.1.0/specifications/sinatra-1.4.4.gemspec
I, [2014-03-24T13:13:25.656614 #20923]  INFO -- : 0:  bundler (1.5.1) from /Users/tobyretallick/.rvm/gems/ruby-2.1.0@global/specifications/bundler-1.5.1.gemspec
I, [2014-03-24T13:13:34.551711 #20926]  INFO -- : 0:  addressable (2.3.6) from /Users/tobyretallick/.rvm/gems/ruby-2.1.0/specifications/addressable-2.3.6.gemspec
I, [2014-03-24T13:13:34.552104 #20926]  INFO -- : 0:  bcrypt (3.1.7) from /Users/tobyretallick/.rvm/gems/ruby-2.1.0/specifications/bcrypt-3.1.7.gemspec
I, [2014-03-24T13:13:34.552382 #20926]  INFO -- : 0:  bcrypt-ruby (3.1.5) from /Users/tobyretallick/.rvm/gems/ruby-2.1.0/specifications/bcrypt-ruby-3.1.5.gemspec
I, [2014-03-24T13:13:34.552666 #20926]  INFO -- : 0:  mime-types (2.2) from /Users/tobyretallick/.rvm/gems/ruby-2.1.0/specifications/mime-types-2.2.gemspec
I, [2014-03-24T13:13:34.552963 #20926]  INFO -- : 0:  mini_portile (0.5.2) from /Users/tobyretallick/.rvm/gems/ruby-2.1.0/specifications/mini_portile-0.5.2.gemspec
I, [2014-03-24T13:13:34.553235 #20926]  INFO -- : 0:  nokogiri (1.6.1) from /Users/tobyretallick/.rvm/gems/ruby-2.1.0/specifications/nokogiri-1.6.1.gemspec
I, [2014-03-24T13:13:34.553494 #20926]  INFO -- : 0:  rack (1.5.2) from /Users/tobyretallick/.rvm/gems/ruby-2.1.0/specifications/rack-1.5.2.gemspec
I, [2014-03-24T13:13:34.553750 #20926]  INFO -- : 0:  rack-test (0.6.2) from /Users/tobyretallick/.rvm/gems/ruby-2.1.0/specifications/rack-test-0.6.2.gemspec
I, [2014-03-24T13:13:34.554011 #20926]  INFO -- : 0:  xpath (2.0.0) from /Users/tobyretallick/.rvm/gems/ruby-2.1.0/specifications/xpath-2.0.0.gemspec
I, [2014-03-24T13:13:34.554251 #20926]  INFO -- : 0:  capybara (2.2.1) from /Users/tobyretallick/.rvm/gems/ruby-2.1.0/specifications/capybara-2.2.1.gemspec
I, [2014-03-24T13:13:34.554609 #20926]  INFO -- : 0:  dm-core (1.2.1) from /Users/tobyretallick/.rvm/gems/ruby-2.1.0/specifications/dm-core-1.2.1.gemspec
I, [2014-03-24T13:13:34.554849 #20926]  INFO -- : 0:  dm-aggregates (1.2.0) from /Users/tobyretallick/.rvm/gems/ruby-2.1.0/specifications/dm-aggregates-1.2.0.gemspec
I, [2014-03-24T13:13:34.555109 #20926]  INFO -- : 0:  dm-constraints (1.2.0) from /Users/tobyretallick/.rvm/gems/ruby-2.1.0/specifications/dm-constraints-1.2.0.gemspec
I, [2014-03-24T13:13:34.555372 #20926]  INFO -- : 0:  dm-migrations (1.2.0) from /Users/tobyretallick/.rvm/gems/ruby-2.1.0/specifications/dm-migrations-1.2.0.gemspec
I, [2014-03-24T13:13:34.555651 #20926]  INFO -- : 0:  fastercsv (1.5.5) from /Users/tobyretallick/.rvm/gems/ruby-2.1.0/specifications/fastercsv-1.5.5.gemspec
I, [2014-03-24T13:13:34.555900 #20926]  INFO -- : 0:  json (1.8.1) from /Users/tobyretallick/.rvm/rubies/ruby-2.1.0/lib/ruby/gems/2.1.0/specifications/default/json-1.8.1.gemspec
I, [2014-03-24T13:13:34.556153 #20926]  INFO -- : 0:  json_pure (1.8.1) from /Users/tobyretallick/.rvm/gems/ruby-2.1.0/specifications/json_pure-1.8.1.gemspec
I, [2014-03-24T13:13:34.556428 #20926]  INFO -- : 0:  multi_json (1.9.2) from /Users/tobyretallick/.rvm/gems/ruby-2.1.0/specifications/multi_json-1.9.2.gemspec
I, [2014-03-24T13:13:34.556691 #20926]  INFO -- : 0:  dm-serializer (1.2.2) from /Users/tobyretallick/.rvm/gems/ruby-2.1.0/specifications/dm-serializer-1.2.2.gemspec
I, [2014-03-24T13:13:34.556949 #20926]  INFO -- : 0:  dm-timestamps (1.2.0) from /Users/tobyretallick/.rvm/gems/ruby-2.1.0/specifications/dm-timestamps-1.2.0.gemspec
I, [2014-03-24T13:13:34.557211 #20926]  INFO -- : 0:  dm-transactions (1.2.0) from /Users/tobyretallick/.rvm/gems/ruby-2.1.0/specifications/dm-transactions-1.2.0.gemspec
I, [2014-03-24T13:13:34.557467 #20926]  INFO -- : 0:  stringex (1.5.1) from /Users/tobyretallick/.rvm/gems/ruby-2.1.0/specifications/stringex-1.5.1.gemspec
I, [2014-03-24T13:13:34.557745 #20926]  INFO -- : 0:  uuidtools (2.1.4) from /Users/tobyretallick/.rvm/gems/ruby-2.1.0/specifications/uuidtools-2.1.4.gemspec
I, [2014-03-24T13:13:34.558006 #20926]  INFO -- : 0:  dm-types (1.2.2) from /Users/tobyretallick/.rvm/gems/ruby-2.1.0/specifications/dm-types-1.2.2.gemspec
I, [2014-03-24T13:13:34.558264 #20926]  INFO -- : 0:  dm-validations (1.2.0) from /Users/tobyretallick/.rvm/gems/ruby-2.1.0/specifications/dm-validations-1.2.0.gemspec
I, [2014-03-24T13:13:34.558521 #20926]  INFO -- : 0:  data_mapper (1.2.0) from /Users/tobyretallick/.rvm/gems/ruby-2.1.0/specifications/data_mapper-1.2.0.gemspec
I, [2014-03-24T13:13:34.558775 #20926]  INFO -- : 0:  data_objects (0.10.14) from /Users/tobyretallick/.rvm/gems/ruby-2.1.0/specifications/data_objects-0.10.14.gemspec
I, [2014-03-24T13:13:34.559024 #20926]  INFO -- : 0:  database_cleaner (1.2.0) from /Users/tobyretallick/.rvm/gems/ruby-2.1.0/specifications/database_cleaner-1.2.0.gemspec
I, [2014-03-24T13:13:34.559293 #20926]  INFO -- : 0:  diff-lcs (1.2.5) from /Users/tobyretallick/.rvm/gems/ruby-2.1.0/specifications/diff-lcs-1.2.5.gemspec
I, [2014-03-24T13:13:34.559567 #20926]  INFO -- : 0:  dm-do-adapter (1.2.0) from /Users/tobyretallick/.rvm/gems/ruby-2.1.0/specifications/dm-do-adapter-1.2.0.gemspec
I, [2014-03-24T13:13:34.559826 #20926]  INFO -- : 0:  do_postgres (0.10.14) from /Users/tobyretallick/.rvm/gems/ruby-2.1.0/specifications/do_postgres-0.10.14.gemspec
I, [2014-03-24T13:13:34.560093 #20926]  INFO -- : 0:  dm-postgres-adapter (1.2.0) from /Users/tobyretallick/.rvm/gems/ruby-2.1.0/specifications/dm-postgres-adapter-1.2.0.gemspec
I, [2014-03-24T13:13:34.560357 #20926]  INFO -- : 0:  rack-protection (1.5.2) from /Users/tobyretallick/.rvm/gems/ruby-2.1.0/specifications/rack-protection-1.5.2.gemspec
I, [2014-03-24T13:13:34.560627 #20926]  INFO -- : 0:  rspec-core (2.14.8) from /Users/tobyretallick/.rvm/gems/ruby-2.1.0/specifications/rspec-core-2.14.8.gemspec
I, [2014-03-24T13:13:34.560954 #20926]  INFO -- : 0:  rspec-expectations (2.14.5) from /Users/tobyretallick/.rvm/gems/ruby-2.1.0/specifications/rspec-expectations-2.14.5.gemspec
I, [2014-03-24T13:13:34.561207 #20926]  INFO -- : 0:  rspec-mocks (2.14.6) from /Users/tobyretallick/.rvm/gems/ruby-2.1.0/specifications/rspec-mocks-2.14.6.gemspec
I, [2014-03-24T13:13:34.561460 #20926]  INFO -- : 0:  rspec (2.14.1) from /Users/tobyretallick/.rvm/gems/ruby-2.1.0/specifications/rspec-2.14.1.gemspec
I, [2014-03-24T13:13:34.561707 #20926]  INFO -- : 0:  tilt (1.4.1) from /Users/tobyretallick/.rvm/gems/ruby-2.1.0/specifications/tilt-1.4.1.gemspec
I, [2014-03-24T13:13:34.561950 #20926]  INFO -- : 0:  sinatra (1.4.4) from /Users/tobyretallick/.rvm/gems/ruby-2.1.0/specifications/sinatra-1.4.4.gemspec
I, [2014-03-24T13:13:34.562196 #20926]  INFO -- : 0:  bundler (1.5.1) from /Users/tobyretallick/.rvm/gems/ruby-2.1.0@global/specifications/bundler-1.5.1.gemspec
I, [2014-03-25T09:12:44.793623 #1080]  INFO -- : 0:  addressable (2.3.6) from /Users/tobyretallick/.rvm/gems/ruby-2.1.0/specifications/addressable-2.3.6.gemspec
I, [2014-03-25T09:12:44.795329 #1080]  INFO -- : 0:  bcrypt (3.1.7) from /Users/tobyretallick/.rvm/gems/ruby-2.1.0/specifications/bcrypt-3.1.7.gemspec
I, [2014-03-25T09:12:44.795768 #1080]  INFO -- : 0:  bcrypt-ruby (3.1.5) from /Users/tobyretallick/.rvm/gems/ruby-2.1.0/specifications/bcrypt-ruby-3.1.5.gemspec
I, [2014-03-25T09:12:44.796175 #1080]  INFO -- : 0:  mime-types (2.2) from /Users/tobyretallick/.rvm/gems/ruby-2.1.0/specifications/mime-types-2.2.gemspec
I, [2014-03-25T09:12:44.796602 #1080]  INFO -- : 0:  mini_portile (0.5.2) from /Users/tobyretallick/.rvm/gems/ruby-2.1.0/specifications/mini_portile-0.5.2.gemspec
I, [2014-03-25T09:12:44.797008 #1080]  INFO -- : 0:  nokogiri (1.6.1) from /Users/tobyretallick/.rvm/gems/ruby-2.1.0/specifications/nokogiri-1.6.1.gemspec
I, [2014-03-25T09:12:44.797509 #1080]  INFO -- : 0:  rack (1.5.2) from /Users/tobyretallick/.rvm/gems/ruby-2.1.0/specifications/rack-1.5.2.gemspec
I, [2014-03-25T09:12:44.798074 #1080]  INFO -- : 0:  rack-test (0.6.2) from /Users/tobyretallick/.rvm/gems/ruby-2.1.0/specifications/rack-test-0.6.2.gemspec
I, [2014-03-25T09:12:44.798734 #1080]  INFO -- : 0:  xpath (2.0.0) from /Users/tobyretallick/.rvm/gems/ruby-2.1.0/specifications/xpath-2.0.0.gemspec
I, [2014-03-25T09:12:44.799203 #1080]  INFO -- : 0:  capybara (2.2.1) from /Users/tobyretallick/.rvm/gems/ruby-2.1.0/specifications/capybara-2.2.1.gemspec
I, [2014-03-25T09:12:44.799614 #1080]  INFO -- : 0:  dm-core (1.2.1) from /Users/tobyretallick/.rvm/gems/ruby-2.1.0/specifications/dm-core-1.2.1.gemspec
I, [2014-03-25T09:12:44.800037 #1080]  INFO -- : 0:  dm-aggregates (1.2.0) from /Users/tobyretallick/.rvm/gems/ruby-2.1.0/specifications/dm-aggregates-1.2.0.gemspec
I, [2014-03-25T09:12:44.800486 #1080]  INFO -- : 0:  dm-constraints (1.2.0) from /Users/tobyretallick/.rvm/gems/ruby-2.1.0/specifications/dm-constraints-1.2.0.gemspec
I, [2014-03-25T09:12:44.800962 #1080]  INFO -- : 0:  dm-migrations (1.2.0) from /Users/tobyretallick/.rvm/gems/ruby-2.1.0/specifications/dm-migrations-1.2.0.gemspec
I, [2014-03-25T09:12:44.801395 #1080]  INFO -- : 0:  fastercsv (1.5.5) from /Users/tobyretallick/.rvm/gems/ruby-2.1.0/specifications/fastercsv-1.5.5.gemspec
I, [2014-03-25T09:12:44.801743 #1080]  INFO -- : 0:  json (1.8.1) from /Users/tobyretallick/.rvm/rubies/ruby-2.1.0/lib/ruby/gems/2.1.0/specifications/default/json-1.8.1.gemspec
I, [2014-03-25T09:12:44.802121 #1080]  INFO -- : 0:  json_pure (1.8.1) from /Users/tobyretallick/.rvm/gems/ruby-2.1.0/specifications/json_pure-1.8.1.gemspec
I, [2014-03-25T09:12:44.802492 #1080]  INFO -- : 0:  multi_json (1.9.2) from /Users/tobyretallick/.rvm/gems/ruby-2.1.0/specifications/multi_json-1.9.2.gemspec
I, [2014-03-25T09:12:44.802875 #1080]  INFO -- : 0:  dm-serializer (1.2.2) from /Users/tobyretallick/.rvm/gems/ruby-2.1.0/specifications/dm-serializer-1.2.2.gemspec
I, [2014-03-25T09:12:44.803274 #1080]  INFO -- : 0:  dm-timestamps (1.2.0) from /Users/tobyretallick/.rvm/gems/ruby-2.1.0/specifications/dm-timestamps-1.2.0.gemspec
I, [2014-03-25T09:12:44.803619 #1080]  INFO -- : 0:  dm-transactions (1.2.0) from /Users/tobyretallick/.rvm/gems/ruby-2.1.0/specifications/dm-transactions-1.2.0.gemspec
I, [2014-03-25T09:12:44.804090 #1080]  INFO -- : 0:  stringex (1.5.1) from /Users/tobyretallick/.rvm/gems/ruby-2.1.0/specifications/stringex-1.5.1.gemspec
I, [2014-03-25T09:12:44.806613 #1080]  INFO -- : 0:  uuidtools (2.1.4) from /Users/tobyretallick/.rvm/gems/ruby-2.1.0/specifications/uuidtools-2.1.4.gemspec
I, [2014-03-25T09:12:44.807157 #1080]  INFO -- : 0:  dm-types (1.2.2) from /Users/tobyretallick/.rvm/gems/ruby-2.1.0/specifications/dm-types-1.2.2.gemspec
I, [2014-03-25T09:12:44.807514 #1080]  INFO -- : 0:  dm-validations (1.2.0) from /Users/tobyretallick/.rvm/gems/ruby-2.1.0/specifications/dm-validations-1.2.0.gemspec
I, [2014-03-25T09:12:44.807820 #1080]  INFO -- : 0:  data_mapper (1.2.0) from /Users/tobyretallick/.rvm/gems/ruby-2.1.0/specifications/data_mapper-1.2.0.gemspec
I, [2014-03-25T09:12:44.808129 #1080]  INFO -- : 0:  data_objects (0.10.14) from /Users/tobyretallick/.rvm/gems/ruby-2.1.0/specifications/data_objects-0.10.14.gemspec
I, [2014-03-25T09:12:44.808397 #1080]  INFO -- : 0:  database_cleaner (1.2.0) from /Users/tobyretallick/.rvm/gems/ruby-2.1.0/specifications/database_cleaner-1.2.0.gemspec
I, [2014-03-25T09:12:44.808658 #1080]  INFO -- : 0:  diff-lcs (1.2.5) from /Users/tobyretallick/.rvm/gems/ruby-2.1.0/specifications/diff-lcs-1.2.5.gemspec
I, [2014-03-25T09:12:44.808933 #1080]  INFO -- : 0:  dm-do-adapter (1.2.0) from /Users/tobyretallick/.rvm/gems/ruby-2.1.0/specifications/dm-do-adapter-1.2.0.gemspec
I, [2014-03-25T09:12:44.809199 #1080]  INFO -- : 0:  do_postgres (0.10.14) from /Users/tobyretallick/.rvm/gems/ruby-2.1.0/specifications/do_postgres-0.10.14.gemspec
I, [2014-03-25T09:12:44.809466 #1080]  INFO -- : 0:  dm-postgres-adapter (1.2.0) from /Users/tobyretallick/.rvm/gems/ruby-2.1.0/specifications/dm-postgres-adapter-1.2.0.gemspec
I, [2014-03-25T09:12:44.809731 #1080]  INFO -- : 0:  rack-protection (1.5.2) from /Users/tobyretallick/.rvm/gems/ruby-2.1.0/specifications/rack-protection-1.5.2.gemspec
I, [2014-03-25T09:12:44.810023 #1080]  INFO -- : 0:  rspec-core (2.14.8) from /Users/tobyretallick/.rvm/gems/ruby-2.1.0/specifications/rspec-core-2.14.8.gemspec
I, [2014-03-25T09:12:44.810282 #1080]  INFO -- : 0:  rspec-expectations (2.14.5) from /Users/tobyretallick/.rvm/gems/ruby-2.1.0/specifications/rspec-expectations-2.14.5.gemspec
I, [2014-03-25T09:12:44.810540 #1080]  INFO -- : 0:  rspec-mocks (2.14.6) from /Users/tobyretallick/.rvm/gems/ruby-2.1.0/specifications/rspec-mocks-2.14.6.gemspec
I, [2014-03-25T09:12:44.810799 #1080]  INFO -- : 0:  rspec (2.14.1) from /Users/tobyretallick/.rvm/gems/ruby-2.1.0/specifications/rspec-2.14.1.gemspec
I, [2014-03-25T09:12:44.811055 #1080]  INFO -- : 0:  tilt (1.4.1) from /Users/tobyretallick/.rvm/gems/ruby-2.1.0/specifications/tilt-1.4.1.gemspec
I, [2014-03-25T09:12:44.811313 #1080]  INFO -- : 0:  sinatra (1.4.4) from /Users/tobyretallick/.rvm/gems/ruby-2.1.0/specifications/sinatra-1.4.4.gemspec
I, [2014-03-25T09:12:44.811558 #1080]  INFO -- : 0:  bundler (1.5.1) from /Users/tobyretallick/.rvm/gems/ruby-2.1.0@global/specifications/bundler-1.5.1.gemspec
I, [2014-03-25T13:51:06.174648 #6675]  INFO -- : 0:  addressable (2.3.6) from /Users/tobyretallick/.rvm/gems/ruby-2.1.0/specifications/addressable-2.3.6.gemspec
I, [2014-03-25T13:51:06.175068 #6675]  INFO -- : 0:  bcrypt (3.1.7) from /Users/tobyretallick/.rvm/gems/ruby-2.1.0/specifications/bcrypt-3.1.7.gemspec
I, [2014-03-25T13:51:06.175449 #6675]  INFO -- : 0:  bcrypt-ruby (3.1.5) from /Users/tobyretallick/.rvm/gems/ruby-2.1.0/specifications/bcrypt-ruby-3.1.5.gemspec
I, [2014-03-25T13:51:06.175854 #6675]  INFO -- : 0:  mime-types (2.2) from /Users/tobyretallick/.rvm/gems/ruby-2.1.0/specifications/mime-types-2.2.gemspec
I, [2014-03-25T13:51:06.176201 #6675]  INFO -- : 0:  mini_portile (0.5.2) from /Users/tobyretallick/.rvm/gems/ruby-2.1.0/specifications/mini_portile-0.5.2.gemspec
I, [2014-03-25T13:51:06.176537 #6675]  INFO -- : 0:  nokogiri (1.6.1) from /Users/tobyretallick/.rvm/gems/ruby-2.1.0/specifications/nokogiri-1.6.1.gemspec
I, [2014-03-25T13:51:06.176821 #6675]  INFO -- : 0:  rack (1.5.2) from /Users/tobyretallick/.rvm/gems/ruby-2.1.0/specifications/rack-1.5.2.gemspec
I, [2014-03-25T13:51:06.177085 #6675]  INFO -- : 0:  rack-test (0.6.2) from /Users/tobyretallick/.rvm/gems/ruby-2.1.0/specifications/rack-test-0.6.2.gemspec
I, [2014-03-25T13:51:06.177364 #6675]  INFO -- : 0:  xpath (2.0.0) from /Users/tobyretallick/.rvm/gems/ruby-2.1.0/specifications/xpath-2.0.0.gemspec
I, [2014-03-25T13:51:06.177627 #6675]  INFO -- : 0:  capybara (2.2.1) from /Users/tobyretallick/.rvm/gems/ruby-2.1.0/specifications/capybara-2.2.1.gemspec
I, [2014-03-25T13:51:06.177986 #6675]  INFO -- : 0:  dm-core (1.2.1) from /Users/tobyretallick/.rvm/gems/ruby-2.1.0/specifications/dm-core-1.2.1.gemspec
I, [2014-03-25T13:51:06.178473 #6675]  INFO -- : 0:  dm-aggregates (1.2.0) from /Users/tobyretallick/.rvm/gems/ruby-2.1.0/specifications/dm-aggregates-1.2.0.gemspec
I, [2014-03-25T13:51:06.179109 #6675]  INFO -- : 0:  dm-constraints (1.2.0) from /Users/tobyretallick/.rvm/gems/ruby-2.1.0/specifications/dm-constraints-1.2.0.gemspec
I, [2014-03-25T13:51:06.179596 #6675]  INFO -- : 0:  dm-migrations (1.2.0) from /Users/tobyretallick/.rvm/gems/ruby-2.1.0/specifications/dm-migrations-1.2.0.gemspec
I, [2014-03-25T13:51:06.180020 #6675]  INFO -- : 0:  fastercsv (1.5.5) from /Users/tobyretallick/.rvm/gems/ruby-2.1.0/specifications/fastercsv-1.5.5.gemspec
I, [2014-03-25T13:51:06.180434 #6675]  INFO -- : 0:  json (1.8.1) from /Users/tobyretallick/.rvm/rubies/ruby-2.1.0/lib/ruby/gems/2.1.0/specifications/default/json-1.8.1.gemspec
I, [2014-03-25T13:51:06.180869 #6675]  INFO -- : 0:  json_pure (1.8.1) from /Users/tobyretallick/.rvm/gems/ruby-2.1.0/specifications/json_pure-1.8.1.gemspec
I, [2014-03-25T13:51:06.181344 #6675]  INFO -- : 0:  multi_json (1.9.2) from /Users/tobyretallick/.rvm/gems/ruby-2.1.0/specifications/multi_json-1.9.2.gemspec
I, [2014-03-25T13:51:06.181769 #6675]  INFO -- : 0:  dm-serializer (1.2.2) from /Users/tobyretallick/.rvm/gems/ruby-2.1.0/specifications/dm-serializer-1.2.2.gemspec
I, [2014-03-25T13:51:06.182196 #6675]  INFO -- : 0:  dm-timestamps (1.2.0) from /Users/tobyretallick/.rvm/gems/ruby-2.1.0/specifications/dm-timestamps-1.2.0.gemspec
I, [2014-03-25T13:51:06.184165 #6675]  INFO -- : 0:  dm-transactions (1.2.0) from /Users/tobyretallick/.rvm/gems/ruby-2.1.0/specifications/dm-transactions-1.2.0.gemspec
I, [2014-03-25T13:51:06.184468 #6675]  INFO -- : 0:  stringex (1.5.1) from /Users/tobyretallick/.rvm/gems/ruby-2.1.0/specifications/stringex-1.5.1.gemspec
I, [2014-03-25T13:51:06.184838 #6675]  INFO -- : 0:  uuidtools (2.1.4) from /Users/tobyretallick/.rvm/gems/ruby-2.1.0/specifications/uuidtools-2.1.4.gemspec
I, [2014-03-25T13:51:06.185214 #6675]  INFO -- : 0:  dm-types (1.2.2) from /Users/tobyretallick/.rvm/gems/ruby-2.1.0/specifications/dm-types-1.2.2.gemspec
I, [2014-03-25T13:51:06.185621 #6675]  INFO -- : 0:  dm-validations (1.2.0) from /Users/tobyretallick/.rvm/gems/ruby-2.1.0/specifications/dm-validations-1.2.0.gemspec
I, [2014-03-25T13:51:06.185947 #6675]  INFO -- : 0:  data_mapper (1.2.0) from /Users/tobyretallick/.rvm/gems/ruby-2.1.0/specifications/data_mapper-1.2.0.gemspec
I, [2014-03-25T13:51:06.186280 #6675]  INFO -- : 0:  data_objects (0.10.14) from /Users/tobyretallick/.rvm/gems/ruby-2.1.0/specifications/data_objects-0.10.14.gemspec
I, [2014-03-25T13:51:06.186655 #6675]  INFO -- : 0:  database_cleaner (1.2.0) from /Users/tobyretallick/.rvm/gems/ruby-2.1.0/specifications/database_cleaner-1.2.0.gemspec
I, [2014-03-25T13:51:06.186947 #6675]  INFO -- : 0:  diff-lcs (1.2.5) from /Users/tobyretallick/.rvm/gems/ruby-2.1.0/specifications/diff-lcs-1.2.5.gemspec
I, [2014-03-25T13:51:06.187333 #6675]  INFO -- : 0:  dm-do-adapter (1.2.0) from /Users/tobyretallick/.rvm/gems/ruby-2.1.0/specifications/dm-do-adapter-1.2.0.gemspec
I, [2014-03-25T13:51:06.187615 #6675]  INFO -- : 0:  do_postgres (0.10.14) from /Users/tobyretallick/.rvm/gems/ruby-2.1.0/specifications/do_postgres-0.10.14.gemspec
I, [2014-03-25T13:51:06.187896 #6675]  INFO -- : 0:  dm-postgres-adapter (1.2.0) from /Users/tobyretallick/.rvm/gems/ruby-2.1.0/specifications/dm-postgres-adapter-1.2.0.gemspec
I, [2014-03-25T13:51:06.188177 #6675]  INFO -- : 0:  rack-flash3 (1.0.5) from /Users/tobyretallick/.rvm/gems/ruby-2.1.0/specifications/rack-flash3-1.0.5.gemspec
I, [2014-03-25T13:51:06.188458 #6675]  INFO -- : 0:  rack-protection (1.5.2) from /Users/tobyretallick/.rvm/gems/ruby-2.1.0/specifications/rack-protection-1.5.2.gemspec
I, [2014-03-25T13:51:06.188738 #6675]  INFO -- : 0:  rspec-core (2.14.8) from /Users/tobyretallick/.rvm/gems/ruby-2.1.0/specifications/rspec-core-2.14.8.gemspec
I, [2014-03-25T13:51:06.189001 #6675]  INFO -- : 0:  rspec-expectations (2.14.5) from /Users/tobyretallick/.rvm/gems/ruby-2.1.0/specifications/rspec-expectations-2.14.5.gemspec
I, [2014-03-25T13:51:06.189263 #6675]  INFO -- : 0:  rspec-mocks (2.14.6) from /Users/tobyretallick/.rvm/gems/ruby-2.1.0/specifications/rspec-mocks-2.14.6.gemspec
I, [2014-03-25T13:51:06.189553 #6675]  INFO -- : 0:  rspec (2.14.1) from /Users/tobyretallick/.rvm/gems/ruby-2.1.0/specifications/rspec-2.14.1.gemspec
I, [2014-03-25T13:51:06.189783 #6675]  INFO -- : 0:  tilt (1.4.1) from /Users/tobyretallick/.rvm/gems/ruby-2.1.0/specifications/tilt-1.4.1.gemspec
I, [2014-03-25T13:51:06.190065 #6675]  INFO -- : 0:  sinatra (1.4.4) from /Users/tobyretallick/.rvm/gems/ruby-2.1.0/specifications/sinatra-1.4.4.gemspec
I, [2014-03-25T13:51:06.190314 #6675]  INFO -- : 0:  bundler (1.5.1) from /Users/tobyretallick/.rvm/gems/ruby-2.1.0@global/specifications/bundler-1.5.1.gemspec
I, [2014-03-26T10:56:08.118359 #1527]  INFO -- : 0:  addressable (2.3.6) from /Users/tobyretallick/.rvm/gems/ruby-2.1.0/specifications/addressable-2.3.6.gemspec
I, [2014-03-26T10:56:08.118843 #1527]  INFO -- : 0:  bcrypt (3.1.7) from /Users/tobyretallick/.rvm/gems/ruby-2.1.0/specifications/bcrypt-3.1.7.gemspec
I, [2014-03-26T10:56:08.119168 #1527]  INFO -- : 0:  bcrypt-ruby (3.1.5) from /Users/tobyretallick/.rvm/gems/ruby-2.1.0/specifications/bcrypt-ruby-3.1.5.gemspec
I, [2014-03-26T10:56:08.119470 #1527]  INFO -- : 0:  mime-types (2.2) from /Users/tobyretallick/.rvm/gems/ruby-2.1.0/specifications/mime-types-2.2.gemspec
I, [2014-03-26T10:56:08.119745 #1527]  INFO -- : 0:  mini_portile (0.5.2) from /Users/tobyretallick/.rvm/gems/ruby-2.1.0/specifications/mini_portile-0.5.2.gemspec
I, [2014-03-26T10:56:08.120017 #1527]  INFO -- : 0:  nokogiri (1.6.1) from /Users/tobyretallick/.rvm/gems/ruby-2.1.0/specifications/nokogiri-1.6.1.gemspec
I, [2014-03-26T10:56:08.120315 #1527]  INFO -- : 0:  rack (1.5.2) from /Users/tobyretallick/.rvm/gems/ruby-2.1.0/specifications/rack-1.5.2.gemspec
I, [2014-03-26T10:56:08.120619 #1527]  INFO -- : 0:  rack-test (0.6.2) from /Users/tobyretallick/.rvm/gems/ruby-2.1.0/specifications/rack-test-0.6.2.gemspec
I, [2014-03-26T10:56:08.120888 #1527]  INFO -- : 0:  xpath (2.0.0) from /Users/tobyretallick/.rvm/gems/ruby-2.1.0/specifications/xpath-2.0.0.gemspec
I, [2014-03-26T10:56:08.121188 #1527]  INFO -- : 0:  capybara (2.2.1) from /Users/tobyretallick/.rvm/gems/ruby-2.1.0/specifications/capybara-2.2.1.gemspec
I, [2014-03-26T10:56:08.123231 #1527]  INFO -- : 0:  dm-core (1.2.1) from /Users/tobyretallick/.rvm/gems/ruby-2.1.0/specifications/dm-core-1.2.1.gemspec
I, [2014-03-26T10:56:08.123587 #1527]  INFO -- : 0:  dm-aggregates (1.2.0) from /Users/tobyretallick/.rvm/gems/ruby-2.1.0/specifications/dm-aggregates-1.2.0.gemspec
I, [2014-03-26T10:56:08.123907 #1527]  INFO -- : 0:  dm-constraints (1.2.0) from /Users/tobyretallick/.rvm/gems/ruby-2.1.0/specifications/dm-constraints-1.2.0.gemspec
I, [2014-03-26T10:56:08.124184 #1527]  INFO -- : 0:  dm-migrations (1.2.0) from /Users/tobyretallick/.rvm/gems/ruby-2.1.0/specifications/dm-migrations-1.2.0.gemspec
I, [2014-03-26T10:56:08.124458 #1527]  INFO -- : 0:  fastercsv (1.5.5) from /Users/tobyretallick/.rvm/gems/ruby-2.1.0/specifications/fastercsv-1.5.5.gemspec
I, [2014-03-26T10:56:08.124713 #1527]  INFO -- : 0:  json (1.8.1) from /Users/tobyretallick/.rvm/rubies/ruby-2.1.0/lib/ruby/gems/2.1.0/specifications/default/json-1.8.1.gemspec
I, [2014-03-26T10:56:08.124979 #1527]  INFO -- : 0:  json_pure (1.8.1) from /Users/tobyretallick/.rvm/gems/ruby-2.1.0/specifications/json_pure-1.8.1.gemspec
I, [2014-03-26T10:56:08.125253 #1527]  INFO -- : 0:  multi_json (1.9.2) from /Users/tobyretallick/.rvm/gems/ruby-2.1.0/specifications/multi_json-1.9.2.gemspec
I, [2014-03-26T10:56:08.125549 #1527]  INFO -- : 0:  dm-serializer (1.2.2) from /Users/tobyretallick/.rvm/gems/ruby-2.1.0/specifications/dm-serializer-1.2.2.gemspec
I, [2014-03-26T10:56:08.125804 #1527]  INFO -- : 0:  dm-timestamps (1.2.0) from /Users/tobyretallick/.rvm/gems/ruby-2.1.0/specifications/dm-timestamps-1.2.0.gemspec
I, [2014-03-26T10:56:08.126091 #1527]  INFO -- : 0:  dm-transactions (1.2.0) from /Users/tobyretallick/.rvm/gems/ruby-2.1.0/specifications/dm-transactions-1.2.0.gemspec
I, [2014-03-26T10:56:08.126400 #1527]  INFO -- : 0:  stringex (1.5.1) from /Users/tobyretallick/.rvm/gems/ruby-2.1.0/specifications/stringex-1.5.1.gemspec
I, [2014-03-26T10:56:08.126663 #1527]  INFO -- : 0:  uuidtools (2.1.4) from /Users/tobyretallick/.rvm/gems/ruby-2.1.0/specifications/uuidtools-2.1.4.gemspec
I, [2014-03-26T10:56:08.126923 #1527]  INFO -- : 0:  dm-types (1.2.2) from /Users/tobyretallick/.rvm/gems/ruby-2.1.0/specifications/dm-types-1.2.2.gemspec
I, [2014-03-26T10:56:08.127185 #1527]  INFO -- : 0:  dm-validations (1.2.0) from /Users/tobyretallick/.rvm/gems/ruby-2.1.0/specifications/dm-validations-1.2.0.gemspec
I, [2014-03-26T10:56:08.127490 #1527]  INFO -- : 0:  data_mapper (1.2.0) from /Users/tobyretallick/.rvm/gems/ruby-2.1.0/specifications/data_mapper-1.2.0.gemspec
I, [2014-03-26T10:56:08.127754 #1527]  INFO -- : 0:  data_objects (0.10.14) from /Users/tobyretallick/.rvm/gems/ruby-2.1.0/specifications/data_objects-0.10.14.gemspec
I, [2014-03-26T10:56:08.128043 #1527]  INFO -- : 0:  database_cleaner (1.2.0) from /Users/tobyretallick/.rvm/gems/ruby-2.1.0/specifications/database_cleaner-1.2.0.gemspec
I, [2014-03-26T10:56:08.128306 #1527]  INFO -- : 0:  diff-lcs (1.2.5) from /Users/tobyretallick/.rvm/gems/ruby-2.1.0/specifications/diff-lcs-1.2.5.gemspec
I, [2014-03-26T10:56:08.128565 #1527]  INFO -- : 0:  dm-do-adapter (1.2.0) from /Users/tobyretallick/.rvm/gems/ruby-2.1.0/specifications/dm-do-adapter-1.2.0.gemspec
I, [2014-03-26T10:56:08.128823 #1527]  INFO -- : 0:  do_postgres (0.10.14) from /Users/tobyretallick/.rvm/gems/ruby-2.1.0/specifications/do_postgres-0.10.14.gemspec
I, [2014-03-26T10:56:08.129084 #1527]  INFO -- : 0:  dm-postgres-adapter (1.2.0) from /Users/tobyretallick/.rvm/gems/ruby-2.1.0/specifications/dm-postgres-adapter-1.2.0.gemspec
I, [2014-03-26T10:56:08.129342 #1527]  INFO -- : 0:  rack-flash3 (1.0.5) from /Users/tobyretallick/.rvm/gems/ruby-2.1.0/specifications/rack-flash3-1.0.5.gemspec
I, [2014-03-26T10:56:08.129601 #1527]  INFO -- : 0:  rack-protection (1.5.2) from /Users/tobyretallick/.rvm/gems/ruby-2.1.0/specifications/rack-protection-1.5.2.gemspec
I, [2014-03-26T10:56:08.129933 #1527]  INFO -- : 0:  rspec-core (2.14.8) from /Users/tobyretallick/.rvm/gems/ruby-2.1.0/specifications/rspec-core-2.14.8.gemspec
I, [2014-03-26T10:56:08.130202 #1527]  INFO -- : 0:  rspec-expectations (2.14.5) from /Users/tobyretallick/.rvm/gems/ruby-2.1.0/specifications/rspec-expectations-2.14.5.gemspec
I, [2014-03-26T10:56:08.130483 #1527]  INFO -- : 0:  rspec-mocks (2.14.6) from /Users/tobyretallick/.rvm/gems/ruby-2.1.0/specifications/rspec-mocks-2.14.6.gemspec
I, [2014-03-26T10:56:08.130822 #1527]  INFO -- : 0:  rspec (2.14.1) from /Users/tobyretallick/.rvm/gems/ruby-2.1.0/specifications/rspec-2.14.1.gemspec
I, [2014-03-26T10:56:08.131183 #1527]  INFO -- : 0:  tilt (1.4.1) from /Users/tobyretallick/.rvm/gems/ruby-2.1.0/specifications/tilt-1.4.1.gemspec
I, [2014-03-26T10:56:08.131506 #1527]  INFO -- : 0:  sinatra (1.4.4) from /Users/tobyretallick/.rvm/gems/ruby-2.1.0/specifications/sinatra-1.4.4.gemspec
I, [2014-03-26T10:56:08.131908 #1527]  INFO -- : 0:  sinatra-partial (0.4.0) from /Users/tobyretallick/.rvm/gems/ruby-2.1.0/specifications/sinatra-partial-0.4.0.gemspec
I, [2014-03-26T10:56:08.132267 #1527]  INFO -- : 0:  bundler (1.5.1) from /Users/tobyretallick/.rvm/gems/ruby-2.1.0@global/specifications/bundler-1.5.1.gemspec
I, [2014-03-26T11:30:32.635207 #1906]  INFO -- : 0:  addressable (2.3.6) from /Users/tobyretallick/.rvm/gems/ruby-2.1.0/specifications/addressable-2.3.6.gemspec
I, [2014-03-26T11:30:32.635575 #1906]  INFO -- : 0:  bcrypt (3.1.7) from /Users/tobyretallick/.rvm/gems/ruby-2.1.0/specifications/bcrypt-3.1.7.gemspec
I, [2014-03-26T11:30:32.635853 #1906]  INFO -- : 0:  bcrypt-ruby (3.1.5) from /Users/tobyretallick/.rvm/gems/ruby-2.1.0/specifications/bcrypt-ruby-3.1.5.gemspec
I, [2014-03-26T11:30:32.636135 #1906]  INFO -- : 0:  mime-types (2.2) from /Users/tobyretallick/.rvm/gems/ruby-2.1.0/specifications/mime-types-2.2.gemspec
I, [2014-03-26T11:30:32.636387 #1906]  INFO -- : 0:  mini_portile (0.5.2) from /Users/tobyretallick/.rvm/gems/ruby-2.1.0/specifications/mini_portile-0.5.2.gemspec
I, [2014-03-26T11:30:32.636654 #1906]  INFO -- : 0:  nokogiri (1.6.1) from /Users/tobyretallick/.rvm/gems/ruby-2.1.0/specifications/nokogiri-1.6.1.gemspec
I, [2014-03-26T11:30:32.636910 #1906]  INFO -- : 0:  rack (1.5.2) from /Users/tobyretallick/.rvm/gems/ruby-2.1.0/specifications/rack-1.5.2.gemspec
I, [2014-03-26T11:30:32.637163 #1906]  INFO -- : 0:  rack-test (0.6.2) from /Users/tobyretallick/.rvm/gems/ruby-2.1.0/specifications/rack-test-0.6.2.gemspec
I, [2014-03-26T11:30:32.637416 #1906]  INFO -- : 0:  xpath (2.0.0) from /Users/tobyretallick/.rvm/gems/ruby-2.1.0/specifications/xpath-2.0.0.gemspec
I, [2014-03-26T11:30:32.637679 #1906]  INFO -- : 0:  capybara (2.2.1) from /Users/tobyretallick/.rvm/gems/ruby-2.1.0/specifications/capybara-2.2.1.gemspec
I, [2014-03-26T11:30:32.637946 #1906]  INFO -- : 0:  dm-core (1.2.1) from /Users/tobyretallick/.rvm/gems/ruby-2.1.0/specifications/dm-core-1.2.1.gemspec
I, [2014-03-26T11:30:32.638198 #1906]  INFO -- : 0:  dm-aggregates (1.2.0) from /Users/tobyretallick/.rvm/gems/ruby-2.1.0/specifications/dm-aggregates-1.2.0.gemspec
I, [2014-03-26T11:30:32.638458 #1906]  INFO -- : 0:  dm-constraints (1.2.0) from /Users/tobyretallick/.rvm/gems/ruby-2.1.0/specifications/dm-constraints-1.2.0.gemspec
I, [2014-03-26T11:30:32.638718 #1906]  INFO -- : 0:  dm-migrations (1.2.0) from /Users/tobyretallick/.rvm/gems/ruby-2.1.0/specifications/dm-migrations-1.2.0.gemspec
I, [2014-03-26T11:30:32.638971 #1906]  INFO -- : 0:  fastercsv (1.5.5) from /Users/tobyretallick/.rvm/gems/ruby-2.1.0/specifications/fastercsv-1.5.5.gemspec
I, [2014-03-26T11:30:32.639237 #1906]  INFO -- : 0:  json (1.8.1) from /Users/tobyretallick/.rvm/rubies/ruby-2.1.0/lib/ruby/gems/2.1.0/specifications/default/json-1.8.1.gemspec
I, [2014-03-26T11:30:32.639495 #1906]  INFO -- : 0:  json_pure (1.8.1) from /Users/tobyretallick/.rvm/gems/ruby-2.1.0/specifications/json_pure-1.8.1.gemspec
I, [2014-03-26T11:30:32.639756 #1906]  INFO -- : 0:  multi_json (1.9.2) from /Users/tobyretallick/.rvm/gems/ruby-2.1.0/specifications/multi_json-1.9.2.gemspec
I, [2014-03-26T11:30:32.640013 #1906]  INFO -- : 0:  dm-serializer (1.2.2) from /Users/tobyretallick/.rvm/gems/ruby-2.1.0/specifications/dm-serializer-1.2.2.gemspec
I, [2014-03-26T11:30:32.640403 #1906]  INFO -- : 0:  dm-timestamps (1.2.0) from /Users/tobyretallick/.rvm/gems/ruby-2.1.0/specifications/dm-timestamps-1.2.0.gemspec
I, [2014-03-26T11:30:32.640669 #1906]  INFO -- : 0:  dm-transactions (1.2.0) from /Users/tobyretallick/.rvm/gems/ruby-2.1.0/specifications/dm-transactions-1.2.0.gemspec
I, [2014-03-26T11:30:32.640926 #1906]  INFO -- : 0:  stringex (1.5.1) from /Users/tobyretallick/.rvm/gems/ruby-2.1.0/specifications/stringex-1.5.1.gemspec
I, [2014-03-26T11:30:32.641175 #1906]  INFO -- : 0:  uuidtools (2.1.4) from /Users/tobyretallick/.rvm/gems/ruby-2.1.0/specifications/uuidtools-2.1.4.gemspec
I, [2014-03-26T11:30:32.641426 #1906]  INFO -- : 0:  dm-types (1.2.2) from /Users/tobyretallick/.rvm/gems/ruby-2.1.0/specifications/dm-types-1.2.2.gemspec
I, [2014-03-26T11:30:32.641690 #1906]  INFO -- : 0:  dm-validations (1.2.0) from /Users/tobyretallick/.rvm/gems/ruby-2.1.0/specifications/dm-validations-1.2.0.gemspec
I, [2014-03-26T11:30:32.641959 #1906]  INFO -- : 0:  data_mapper (1.2.0) from /Users/tobyretallick/.rvm/gems/ruby-2.1.0/specifications/data_mapper-1.2.0.gemspec
I, [2014-03-26T11:30:32.642223 #1906]  INFO -- : 0:  data_objects (0.10.14) from /Users/tobyretallick/.rvm/gems/ruby-2.1.0/specifications/data_objects-0.10.14.gemspec
I, [2014-03-26T11:30:32.642479 #1906]  INFO -- : 0:  database_cleaner (1.2.0) from /Users/tobyretallick/.rvm/gems/ruby-2.1.0/specifications/database_cleaner-1.2.0.gemspec
I, [2014-03-26T11:30:32.642744 #1906]  INFO -- : 0:  diff-lcs (1.2.5) from /Users/tobyretallick/.rvm/gems/ruby-2.1.0/specifications/diff-lcs-1.2.5.gemspec
I, [2014-03-26T11:30:32.643008 #1906]  INFO -- : 0:  dm-do-adapter (1.2.0) from /Users/tobyretallick/.rvm/gems/ruby-2.1.0/specifications/dm-do-adapter-1.2.0.gemspec
I, [2014-03-26T11:30:32.643268 #1906]  INFO -- : 0:  do_postgres (0.10.14) from /Users/tobyretallick/.rvm/gems/ruby-2.1.0/specifications/do_postgres-0.10.14.gemspec
I, [2014-03-26T11:30:32.643516 #1906]  INFO -- : 0:  dm-postgres-adapter (1.2.0) from /Users/tobyretallick/.rvm/gems/ruby-2.1.0/specifications/dm-postgres-adapter-1.2.0.gemspec
I, [2014-03-26T11:30:32.643781 #1906]  INFO -- : 0:  rack-flash3 (1.0.5) from /Users/tobyretallick/.rvm/gems/ruby-2.1.0/specifications/rack-flash3-1.0.5.gemspec
I, [2014-03-26T11:30:32.644046 #1906]  INFO -- : 0:  rack-protection (1.5.2) from /Users/tobyretallick/.rvm/gems/ruby-2.1.0/specifications/rack-protection-1.5.2.gemspec
I, [2014-03-26T11:30:32.644340 #1906]  INFO -- : 0:  rspec-core (2.14.8) from /Users/tobyretallick/.rvm/gems/ruby-2.1.0/specifications/rspec-core-2.14.8.gemspec
I, [2014-03-26T11:30:32.644584 #1906]  INFO -- : 0:  rspec-expectations (2.14.5) from /Users/tobyretallick/.rvm/gems/ruby-2.1.0/specifications/rspec-expectations-2.14.5.gemspec
I, [2014-03-26T11:30:32.644832 #1906]  INFO -- : 0:  rspec-mocks (2.14.6) from /Users/tobyretallick/.rvm/gems/ruby-2.1.0/specifications/rspec-mocks-2.14.6.gemspec
I, [2014-03-26T11:30:32.645075 #1906]  INFO -- : 0:  rspec (2.14.1) from /Users/tobyretallick/.rvm/gems/ruby-2.1.0/specifications/rspec-2.14.1.gemspec
I, [2014-03-26T11:30:32.645320 #1906]  INFO -- : 0:  tilt (1.4.1) from /Users/tobyretallick/.rvm/gems/ruby-2.1.0/specifications/tilt-1.4.1.gemspec
I, [2014-03-26T11:30:32.645566 #1906]  INFO -- : 0:  sinatra (1.4.4) from /Users/tobyretallick/.rvm/gems/ruby-2.1.0/specifications/sinatra-1.4.4.gemspec
I, [2014-03-26T11:30:32.645844 #1906]  INFO -- : 0:  sinatra-partial (0.4.0) from /Users/tobyretallick/.rvm/gems/ruby-2.1.0/specifications/sinatra-partial-0.4.0.gemspec
I, [2014-03-26T11:30:32.646081 #1906]  INFO -- : 0:  bundler (1.5.1) from /Users/tobyretallick/.rvm/gems/ruby-2.1.0@global/specifications/bundler-1.5.1.gemspec
I, [2014-04-03T09:27:02.911292 #941]  INFO -- : 0:  addressable (2.3.6) from /Users/tobyretallick/.rvm/gems/ruby-2.1.0/specifications/addressable-2.3.6.gemspec
I, [2014-04-03T09:27:02.912440 #941]  INFO -- : 0:  bcrypt (3.1.7) from /Users/tobyretallick/.rvm/gems/ruby-2.1.0/specifications/bcrypt-3.1.7.gemspec
I, [2014-04-03T09:27:02.912758 #941]  INFO -- : 0:  bcrypt-ruby (3.1.5) from /Users/tobyretallick/.rvm/gems/ruby-2.1.0/specifications/bcrypt-ruby-3.1.5.gemspec
I, [2014-04-03T09:27:02.913039 #941]  INFO -- : 0:  mime-types (2.2) from /Users/tobyretallick/.rvm/gems/ruby-2.1.0/specifications/mime-types-2.2.gemspec
I, [2014-04-03T09:27:02.913314 #941]  INFO -- : 0:  mini_portile (0.5.2) from /Users/tobyretallick/.rvm/gems/ruby-2.1.0/specifications/mini_portile-0.5.2.gemspec
I, [2014-04-03T09:27:02.913571 #941]  INFO -- : 0:  nokogiri (1.6.1) from /Users/tobyretallick/.rvm/gems/ruby-2.1.0/specifications/nokogiri-1.6.1.gemspec
I, [2014-04-03T09:27:02.913825 #941]  INFO -- : 0:  rack (1.5.2) from /Users/tobyretallick/.rvm/gems/ruby-2.1.0/specifications/rack-1.5.2.gemspec
I, [2014-04-03T09:27:02.914075 #941]  INFO -- : 0:  rack-test (0.6.2) from /Users/tobyretallick/.rvm/gems/ruby-2.1.0/specifications/rack-test-0.6.2.gemspec
I, [2014-04-03T09:27:02.914328 #941]  INFO -- : 0:  xpath (2.0.0) from /Users/tobyretallick/.rvm/gems/ruby-2.1.0/specifications/xpath-2.0.0.gemspec
I, [2014-04-03T09:27:02.914585 #941]  INFO -- : 0:  capybara (2.2.1) from /Users/tobyretallick/.rvm/gems/ruby-2.1.0/specifications/capybara-2.2.1.gemspec
I, [2014-04-03T09:27:04.115045 #941]  INFO -- : 0:  cliver (0.3.2) from /Users/tobyretallick/.rvm/gems/ruby-2.1.0/specifications/cliver-0.3.2.gemspec
I, [2014-04-03T09:27:04.115442 #941]  INFO -- : 0:  dm-core (1.2.1) from /Users/tobyretallick/.rvm/gems/ruby-2.1.0/specifications/dm-core-1.2.1.gemspec
I, [2014-04-03T09:27:04.115721 #941]  INFO -- : 0:  dm-aggregates (1.2.0) from /Users/tobyretallick/.rvm/gems/ruby-2.1.0/specifications/dm-aggregates-1.2.0.gemspec
I, [2014-04-03T09:27:04.115989 #941]  INFO -- : 0:  dm-constraints (1.2.0) from /Users/tobyretallick/.rvm/gems/ruby-2.1.0/specifications/dm-constraints-1.2.0.gemspec
I, [2014-04-03T09:27:04.116262 #941]  INFO -- : 0:  dm-migrations (1.2.0) from /Users/tobyretallick/.rvm/gems/ruby-2.1.0/specifications/dm-migrations-1.2.0.gemspec
I, [2014-04-03T09:27:04.116533 #941]  INFO -- : 0:  fastercsv (1.5.5) from /Users/tobyretallick/.rvm/gems/ruby-2.1.0/specifications/fastercsv-1.5.5.gemspec
I, [2014-04-03T09:27:04.116802 #941]  INFO -- : 0:  json (1.8.1) from /Users/tobyretallick/.rvm/rubies/ruby-2.1.0/lib/ruby/gems/2.1.0/specifications/default/json-1.8.1.gemspec
I, [2014-04-03T09:27:04.117068 #941]  INFO -- : 0:  json_pure (1.8.1) from /Users/tobyretallick/.rvm/gems/ruby-2.1.0/specifications/json_pure-1.8.1.gemspec
I, [2014-04-03T09:27:04.117341 #941]  INFO -- : 0:  multi_json (1.9.2) from /Users/tobyretallick/.rvm/gems/ruby-2.1.0/specifications/multi_json-1.9.2.gemspec
I, [2014-04-03T09:27:04.117587 #941]  INFO -- : 0:  dm-serializer (1.2.2) from /Users/tobyretallick/.rvm/gems/ruby-2.1.0/specifications/dm-serializer-1.2.2.gemspec
I, [2014-04-03T09:27:04.117860 #941]  INFO -- : 0:  dm-timestamps (1.2.0) from /Users/tobyretallick/.rvm/gems/ruby-2.1.0/specifications/dm-timestamps-1.2.0.gemspec
I, [2014-04-03T09:27:04.118124 #941]  INFO -- : 0:  dm-transactions (1.2.0) from /Users/tobyretallick/.rvm/gems/ruby-2.1.0/specifications/dm-transactions-1.2.0.gemspec
I, [2014-04-03T09:27:04.118390 #941]  INFO -- : 0:  stringex (1.5.1) from /Users/tobyretallick/.rvm/gems/ruby-2.1.0/specifications/stringex-1.5.1.gemspec
I, [2014-04-03T09:27:04.118652 #941]  INFO -- : 0:  uuidtools (2.1.4) from /Users/tobyretallick/.rvm/gems/ruby-2.1.0/specifications/uuidtools-2.1.4.gemspec
I, [2014-04-03T09:27:04.118914 #941]  INFO -- : 0:  dm-types (1.2.2) from /Users/tobyretallick/.rvm/gems/ruby-2.1.0/specifications/dm-types-1.2.2.gemspec
I, [2014-04-03T09:27:04.119188 #941]  INFO -- : 0:  dm-validations (1.2.0) from /Users/tobyretallick/.rvm/gems/ruby-2.1.0/specifications/dm-validations-1.2.0.gemspec
I, [2014-04-03T09:27:04.119435 #941]  INFO -- : 0:  data_mapper (1.2.0) from /Users/tobyretallick/.rvm/gems/ruby-2.1.0/specifications/data_mapper-1.2.0.gemspec
I, [2014-04-03T09:27:04.119681 #941]  INFO -- : 0:  data_objects (0.10.14) from /Users/tobyretallick/.rvm/gems/ruby-2.1.0/specifications/data_objects-0.10.14.gemspec
I, [2014-04-03T09:27:04.119947 #941]  INFO -- : 0:  database_cleaner (1.2.0) from /Users/tobyretallick/.rvm/gems/ruby-2.1.0/specifications/database_cleaner-1.2.0.gemspec
I, [2014-04-03T09:27:04.120185 #941]  INFO -- : 0:  diff-lcs (1.2.5) from /Users/tobyretallick/.rvm/gems/ruby-2.1.0/specifications/diff-lcs-1.2.5.gemspec
I, [2014-04-03T09:27:04.120438 #941]  INFO -- : 0:  dm-do-adapter (1.2.0) from /Users/tobyretallick/.rvm/gems/ruby-2.1.0/specifications/dm-do-adapter-1.2.0.gemspec
I, [2014-04-03T09:27:04.120705 #941]  INFO -- : 0:  do_postgres (0.10.14) from /Users/tobyretallick/.rvm/gems/ruby-2.1.0/specifications/do_postgres-0.10.14.gemspec
I, [2014-04-03T09:27:04.120956 #941]  INFO -- : 0:  dm-postgres-adapter (1.2.0) from /Users/tobyretallick/.rvm/gems/ruby-2.1.0/specifications/dm-postgres-adapter-1.2.0.gemspec
I, [2014-04-03T09:27:07.494021 #941]  INFO -- : 0:  websocket-driver (0.3.2) from /Users/tobyretallick/.rvm/gems/ruby-2.1.0/specifications/websocket-driver-0.3.2.gemspec
I, [2014-04-03T09:27:08.948257 #941]  INFO -- : 0:  poltergeist (1.5.0) from /Users/tobyretallick/.rvm/gems/ruby-2.1.0/specifications/poltergeist-1.5.0.gemspec
I, [2014-04-03T09:27:08.948689 #941]  INFO -- : 0:  rack-flash3 (1.0.5) from /Users/tobyretallick/.rvm/gems/ruby-2.1.0/specifications/rack-flash3-1.0.5.gemspec
I, [2014-04-03T09:27:08.949005 #941]  INFO -- : 0:  rack-protection (1.5.2) from /Users/tobyretallick/.rvm/gems/ruby-2.1.0/specifications/rack-protection-1.5.2.gemspec
I, [2014-04-03T09:27:08.949350 #941]  INFO -- : 0:  rspec-core (2.14.8) from /Users/tobyretallick/.rvm/gems/ruby-2.1.0/specifications/rspec-core-2.14.8.gemspec
I, [2014-04-03T09:27:08.949657 #941]  INFO -- : 0:  rspec-expectations (2.14.5) from /Users/tobyretallick/.rvm/gems/ruby-2.1.0/specifications/rspec-expectations-2.14.5.gemspec
I, [2014-04-03T09:27:08.949964 #941]  INFO -- : 0:  rspec-mocks (2.14.6) from /Users/tobyretallick/.rvm/gems/ruby-2.1.0/specifications/rspec-mocks-2.14.6.gemspec
I, [2014-04-03T09:27:08.950260 #941]  INFO -- : 0:  rspec (2.14.1) from /Users/tobyretallick/.rvm/gems/ruby-2.1.0/specifications/rspec-2.14.1.gemspec
I, [2014-04-03T09:27:08.950613 #941]  INFO -- : 0:  tilt (1.4.1) from /Users/tobyretallick/.rvm/gems/ruby-2.1.0/specifications/tilt-1.4.1.gemspec
I, [2014-04-03T09:27:08.950981 #941]  INFO -- : 0:  sinatra (1.4.4) from /Users/tobyretallick/.rvm/gems/ruby-2.1.0/specifications/sinatra-1.4.4.gemspec
I, [2014-04-03T09:27:08.951316 #941]  INFO -- : 0:  sinatra-partial (0.4.0) from /Users/tobyretallick/.rvm/gems/ruby-2.1.0/specifications/sinatra-partial-0.4.0.gemspec
I, [2014-04-03T09:27:08.951667 #941]  INFO -- : 0:  bundler (1.5.1) from /Users/tobyretallick/.rvm/gems/ruby-2.1.0@global/specifications/bundler-1.5.1.gemspec
I, [2014-04-03T16:20:28.917096 #4113]  INFO -- : 0:  addressable (2.3.6) from /Users/tobyretallick/.rvm/gems/ruby-2.1.0/specifications/addressable-2.3.6.gemspec
I, [2014-04-03T16:20:28.917493 #4113]  INFO -- : 0:  bcrypt (3.1.7) from /Users/tobyretallick/.rvm/gems/ruby-2.1.0/specifications/bcrypt-3.1.7.gemspec
I, [2014-04-03T16:20:28.917784 #4113]  INFO -- : 0:  bcrypt-ruby (3.1.5) from /Users/tobyretallick/.rvm/gems/ruby-2.1.0/specifications/bcrypt-ruby-3.1.5.gemspec
I, [2014-04-03T16:20:28.918098 #4113]  INFO -- : 0:  mime-types (2.2) from /Users/tobyretallick/.rvm/gems/ruby-2.1.0/specifications/mime-types-2.2.gemspec
I, [2014-04-03T16:20:28.918381 #4113]  INFO -- : 0:  mini_portile (0.5.2) from /Users/tobyretallick/.rvm/gems/ruby-2.1.0/specifications/mini_portile-0.5.2.gemspec
I, [2014-04-03T16:20:28.918647 #4113]  INFO -- : 0:  nokogiri (1.6.1) from /Users/tobyretallick/.rvm/gems/ruby-2.1.0/specifications/nokogiri-1.6.1.gemspec
I, [2014-04-03T16:20:28.918926 #4113]  INFO -- : 0:  rack (1.5.2) from /Users/tobyretallick/.rvm/gems/ruby-2.1.0/specifications/rack-1.5.2.gemspec
I, [2014-04-03T16:20:28.919184 #4113]  INFO -- : 0:  rack-test (0.6.2) from /Users/tobyretallick/.rvm/gems/ruby-2.1.0/specifications/rack-test-0.6.2.gemspec
I, [2014-04-03T16:20:28.919438 #4113]  INFO -- : 0:  xpath (2.0.0) from /Users/tobyretallick/.rvm/gems/ruby-2.1.0/specifications/xpath-2.0.0.gemspec
I, [2014-04-03T16:20:28.919697 #4113]  INFO -- : 0:  capybara (2.2.1) from /Users/tobyretallick/.rvm/gems/ruby-2.1.0/specifications/capybara-2.2.1.gemspec
I, [2014-04-03T16:20:28.919993 #4113]  INFO -- : 0:  cliver (0.3.2) from /Users/tobyretallick/.rvm/gems/ruby-2.1.0/specifications/cliver-0.3.2.gemspec
I, [2014-04-03T16:20:28.920260 #4113]  INFO -- : 0:  dm-core (1.2.1) from /Users/tobyretallick/.rvm/gems/ruby-2.1.0/specifications/dm-core-1.2.1.gemspec
I, [2014-04-03T16:20:28.920511 #4113]  INFO -- : 0:  dm-aggregates (1.2.0) from /Users/tobyretallick/.rvm/gems/ruby-2.1.0/specifications/dm-aggregates-1.2.0.gemspec
I, [2014-04-03T16:20:28.920783 #4113]  INFO -- : 0:  dm-constraints (1.2.0) from /Users/tobyretallick/.rvm/gems/ruby-2.1.0/specifications/dm-constraints-1.2.0.gemspec
I, [2014-04-03T16:20:28.921043 #4113]  INFO -- : 0:  dm-migrations (1.2.0) from /Users/tobyretallick/.rvm/gems/ruby-2.1.0/specifications/dm-migrations-1.2.0.gemspec
I, [2014-04-03T16:20:28.921335 #4113]  INFO -- : 0:  fastercsv (1.5.5) from /Users/tobyretallick/.rvm/gems/ruby-2.1.0/specifications/fastercsv-1.5.5.gemspec
I, [2014-04-03T16:20:28.921577 #4113]  INFO -- : 0:  json (1.8.1) from /Users/tobyretallick/.rvm/rubies/ruby-2.1.0/lib/ruby/gems/2.1.0/specifications/default/json-1.8.1.gemspec
I, [2014-04-03T16:20:28.921867 #4113]  INFO -- : 0:  json_pure (1.8.1) from /Users/tobyretallick/.rvm/gems/ruby-2.1.0/specifications/json_pure-1.8.1.gemspec
I, [2014-04-03T16:20:28.922141 #4113]  INFO -- : 0:  multi_json (1.9.2) from /Users/tobyretallick/.rvm/gems/ruby-2.1.0/specifications/multi_json-1.9.2.gemspec
I, [2014-04-03T16:20:28.922404 #4113]  INFO -- : 0:  dm-serializer (1.2.2) from /Users/tobyretallick/.rvm/gems/ruby-2.1.0/specifications/dm-serializer-1.2.2.gemspec
I, [2014-04-03T16:20:28.922672 #4113]  INFO -- : 0:  dm-timestamps (1.2.0) from /Users/tobyretallick/.rvm/gems/ruby-2.1.0/specifications/dm-timestamps-1.2.0.gemspec
I, [2014-04-03T16:20:28.922952 #4113]  INFO -- : 0:  dm-transactions (1.2.0) from /Users/tobyretallick/.rvm/gems/ruby-2.1.0/specifications/dm-transactions-1.2.0.gemspec
I, [2014-04-03T16:20:28.923214 #4113]  INFO -- : 0:  stringex (1.5.1) from /Users/tobyretallick/.rvm/gems/ruby-2.1.0/specifications/stringex-1.5.1.gemspec
I, [2014-04-03T16:20:28.923525 #4113]  INFO -- : 0:  uuidtools (2.1.4) from /Users/tobyretallick/.rvm/gems/ruby-2.1.0/specifications/uuidtools-2.1.4.gemspec
I, [2014-04-03T16:20:28.923790 #4113]  INFO -- : 0:  dm-types (1.2.2) from /Users/tobyretallick/.rvm/gems/ruby-2.1.0/specifications/dm-types-1.2.2.gemspec
I, [2014-04-03T16:20:28.924070 #4113]  INFO -- : 0:  dm-validations (1.2.0) from /Users/tobyretallick/.rvm/gems/ruby-2.1.0/specifications/dm-validations-1.2.0.gemspec
I, [2014-04-03T16:20:28.924334 #4113]  INFO -- : 0:  data_mapper (1.2.0) from /Users/tobyretallick/.rvm/gems/ruby-2.1.0/specifications/data_mapper-1.2.0.gemspec
I, [2014-04-03T16:20:28.924595 #4113]  INFO -- : 0:  data_objects (0.10.14) from /Users/tobyretallick/.rvm/gems/ruby-2.1.0/specifications/data_objects-0.10.14.gemspec
I, [2014-04-03T16:20:28.924858 #4113]  INFO -- : 0:  database_cleaner (1.2.0) from /Users/tobyretallick/.rvm/gems/ruby-2.1.0/specifications/database_cleaner-1.2.0.gemspec
I, [2014-04-03T16:20:28.925121 #4113]  INFO -- : 0:  diff-lcs (1.2.5) from /Users/tobyretallick/.rvm/gems/ruby-2.1.0/specifications/diff-lcs-1.2.5.gemspec
I, [2014-04-03T16:20:28.925387 #4113]  INFO -- : 0:  dm-do-adapter (1.2.0) from /Users/tobyretallick/.rvm/gems/ruby-2.1.0/specifications/dm-do-adapter-1.2.0.gemspec
I, [2014-04-03T16:20:28.925646 #4113]  INFO -- : 0:  do_postgres (0.10.14) from /Users/tobyretallick/.rvm/gems/ruby-2.1.0/specifications/do_postgres-0.10.14.gemspec
I, [2014-04-03T16:20:28.925923 #4113]  INFO -- : 0:  dm-postgres-adapter (1.2.0) from /Users/tobyretallick/.rvm/gems/ruby-2.1.0/specifications/dm-postgres-adapter-1.2.0.gemspec
I, [2014-04-03T16:20:28.926160 #4113]  INFO -- : 0:  websocket-driver (0.3.2) from /Users/tobyretallick/.rvm/gems/ruby-2.1.0/specifications/websocket-driver-0.3.2.gemspec
I, [2014-04-03T16:20:28.926429 #4113]  INFO -- : 0:  poltergeist (1.5.0) from /Users/tobyretallick/.rvm/gems/ruby-2.1.0/specifications/poltergeist-1.5.0.gemspec
I, [2014-04-03T16:20:28.926683 #4113]  INFO -- : 0:  rack-flash3 (1.0.5) from /Users/tobyretallick/.rvm/gems/ruby-2.1.0/specifications/rack-flash3-1.0.5.gemspec
I, [2014-04-03T16:20:28.926939 #4113]  INFO -- : 0:  rack-protection (1.5.2) from /Users/tobyretallick/.rvm/gems/ruby-2.1.0/specifications/rack-protection-1.5.2.gemspec
I, [2014-04-03T16:20:28.927197 #4113]  INFO -- : 0:  rspec-core (2.14.8) from /Users/tobyretallick/.rvm/gems/ruby-2.1.0/specifications/rspec-core-2.14.8.gemspec
I, [2014-04-03T16:20:28.927456 #4113]  INFO -- : 0:  rspec-expectations (2.14.5) from /Users/tobyretallick/.rvm/gems/ruby-2.1.0/specifications/rspec-expectations-2.14.5.gemspec
I, [2014-04-03T16:20:28.927723 #4113]  INFO -- : 0:  rspec-mocks (2.14.6) from /Users/tobyretallick/.rvm/gems/ruby-2.1.0/specifications/rspec-mocks-2.14.6.gemspec
I, [2014-04-03T16:20:28.927980 #4113]  INFO -- : 0:  rspec (2.14.1) from /Users/tobyretallick/.rvm/gems/ruby-2.1.0/specifications/rspec-2.14.1.gemspec
I, [2014-04-03T16:20:28.928232 #4113]  INFO -- : 0:  tilt (1.4.1) from /Users/tobyretallick/.rvm/gems/ruby-2.1.0/specifications/tilt-1.4.1.gemspec
I, [2014-04-03T16:20:28.928481 #4113]  INFO -- : 0:  sinatra (1.4.4) from /Users/tobyretallick/.rvm/gems/ruby-2.1.0/specifications/sinatra-1.4.4.gemspec
I, [2014-04-03T16:20:28.928734 #4113]  INFO -- : 0:  sinatra-partial (0.4.0) from /Users/tobyretallick/.rvm/gems/ruby-2.1.0/specifications/sinatra-partial-0.4.0.gemspec
I, [2014-04-03T16:20:28.928962 #4113]  INFO -- : 0:  bundler (1.5.1) from /Users/tobyretallick/.rvm/gems/ruby-2.1.0@global/specifications/bundler-1.5.1.gemspec
